2015-01-05 14:15:30.613 [nREPL-worker-1] INFO   pipeline - Pipeline starting
2015-01-05 14:15:30.650 [nREPL-worker-1] INFO   org.quartz.impl.StdSchedulerFactory - Using default implementation for ThreadExecutor
2015-01-05 14:15:30.654 [nREPL-worker-1] INFO   org.quartz.simpl.SimpleThreadPool - Job execution threads will use class loader of thread: nREPL-worker-1
2015-01-05 14:15:30.670 [nREPL-worker-1] INFO   o.quartz.core.SchedulerSignalerImpl - Initialized Scheduler Signaller of type: class org.quartz.core.SchedulerSignalerImpl
2015-01-05 14:15:30.670 [nREPL-worker-1] INFO   org.quartz.core.QuartzScheduler - Quartz Scheduler v.2.1.7 created.
2015-01-05 14:15:30.672 [nREPL-worker-1] INFO   org.quartz.simpl.RAMJobStore - RAMJobStore initialized.
2015-01-05 14:15:30.673 [nREPL-worker-1] INFO   org.quartz.core.QuartzScheduler - Scheduler meta-data: Quartz Scheduler (v2.1.7) 'DefaultQuartzScheduler' with instanceId 'NON_CLUSTERED'
  Scheduler class: 'org.quartz.core.QuartzScheduler' - running locally.
  NOT STARTED.
  Currently in standby mode.
  Number of jobs executed: 0
  Using thread pool 'org.quartz.simpl.SimpleThreadPool' - with 1 threads.
  Using job-store 'org.quartz.simpl.RAMJobStore' - which does not support persistence. and is not clustered.

2015-01-05 14:15:30.673 [nREPL-worker-1] INFO   org.quartz.impl.StdSchedulerFactory - Quartz scheduler 'DefaultQuartzScheduler' initialized from default resource file in Quartz package: 'quartz.properties'
2015-01-05 14:15:30.673 [nREPL-worker-1] INFO   org.quartz.impl.StdSchedulerFactory - Quartz scheduler version: 2.1.7
2015-01-05 14:15:30.673 [nREPL-worker-1] INFO   org.quartz.core.QuartzScheduler - Scheduler DefaultQuartzScheduler_$_NON_CLUSTERED started.
2015-01-05 14:15:48.152 [nREPL-worker-1] INFO   kixi.ckan.core - Starting search of resource 8e48ff2b-f5a2-4d6e-b643-b7e5e49f7e06
2015-01-05 14:15:48.153 [nREPL-worker-1] INFO   kixi.ckan.data - Retrieving with offset 0
2015-01-05 14:15:48.471 [nREPL-worker-1] INFO   kixi.ckan.data - Retrieving with offset 100
2015-01-05 14:15:48.569 [nREPL-worker-1] INFO   kixi.ckan.data - Retrieving with offset 200
2015-01-05 14:15:48.665 [nREPL-worker-1] INFO   kixi.ckan.data - Retrieving with offset 300
2015-01-05 14:15:48.762 [nREPL-worker-1] INFO   kixi.ckan.data - Retrieving with offset 400
2015-01-05 14:15:48.861 [nREPL-worker-1] INFO   kixi.ckan.data - Retrieving with offset 500
2015-01-05 14:15:48.957 [nREPL-worker-1] INFO   kixi.ckan.data - Retrieving with offset 600
2015-01-05 14:15:49.049 [nREPL-worker-1] INFO   kixi.ckan.data - Retrieving with offset 700
2015-01-05 14:15:49.134 [nREPL-worker-1] INFO   kixi.ckan.data - Retrieving with offset 800
2015-01-05 14:15:49.229 [nREPL-worker-1] INFO   kixi.ckan.data - Retrieving with offset 900
2015-01-05 14:15:49.330 [nREPL-worker-1] INFO   kixi.ckan.data - Retrieving with offset 1000
2015-01-05 14:15:49.428 [nREPL-worker-1] INFO   kixi.ckan.data - Retrieving with offset 1100
2015-01-05 14:15:49.590 [nREPL-worker-1] INFO   kixi.ckan.data - Retrieving with offset 1200
2015-01-05 14:15:49.676 [nREPL-worker-1] INFO   kixi.ckan.data - Retrieving with offset 1300
2015-01-05 14:15:49.764 [nREPL-worker-1] INFO   kixi.ckan.data - Retrieving with offset 1400
2015-01-05 14:15:49.848 [nREPL-worker-1] INFO   kixi.ckan.data - Retrieving with offset 1500
2015-01-05 14:15:49.933 [nREPL-worker-1] INFO   kixi.ckan.data - Retrieving with offset 1600
2015-01-05 14:15:50.028 [nREPL-worker-1] INFO   kixi.ckan.data - Retrieving with offset 1700
2015-01-05 14:15:50.125 [nREPL-worker-1] INFO   kixi.ckan.data - Retrieving with offset 1800
2015-01-05 14:15:50.218 [nREPL-worker-1] INFO   kixi.ckan.data - Retrieving with offset 1900
2015-01-05 14:15:50.306 [nREPL-worker-1] INFO   kixi.ckan.data - Retrieving with offset 2000
2015-01-05 14:15:50.393 [nREPL-worker-1] INFO   kixi.ckan.data - Retrieving with offset 2100
2015-01-05 14:15:50.510 [nREPL-worker-1] INFO   kixi.ckan.data - Retrieving with offset 2200
2015-01-05 14:15:50.598 [nREPL-worker-1] INFO   kixi.ckan.data - Retrieving with offset 2300
2015-01-05 14:15:50.684 [nREPL-worker-1] INFO   kixi.ckan.data - Retrieving with offset 2400
2015-01-05 14:15:50.768 [nREPL-worker-1] INFO   kixi.ckan.data - Retrieving with offset 2500
2015-01-05 14:15:50.854 [nREPL-worker-1] INFO   kixi.ckan.data - Retrieving with offset 2600
2015-01-05 14:15:50.942 [nREPL-worker-1] INFO   kixi.ckan.data - Retrieving with offset 2700
2015-01-05 14:15:51.028 [nREPL-worker-1] INFO   kixi.ckan.data - Retrieving with offset 2800
2015-01-05 14:15:51.126 [nREPL-worker-1] INFO   kixi.ckan.data - Retrieving with offset 2900
2015-01-05 14:15:51.208 [nREPL-worker-1] INFO   kixi.ckan.data - Retrieving with offset 3000
2015-01-05 14:15:51.293 [nREPL-worker-1] INFO   kixi.ckan.data - Retrieving with offset 3100
2015-01-05 14:15:51.375 [nREPL-worker-1] INFO   kixi.ckan.data - Retrieving with offset 3200
2015-01-05 14:15:51.460 [nREPL-worker-1] INFO   kixi.ckan.data - Retrieving with offset 3300
2015-01-05 14:15:51.557 [nREPL-worker-1] INFO   kixi.ckan.data - Retrieving with offset 3400
2015-01-05 14:15:51.642 [nREPL-worker-1] INFO   kixi.ckan.data - Retrieving with offset 3500
2015-01-05 14:15:51.764 [nREPL-worker-1] INFO   kixi.ckan.data - Retrieving with offset 3600
2015-01-05 14:15:51.850 [nREPL-worker-1] INFO   kixi.ckan.data - Retrieving with offset 3700
2015-01-05 14:15:51.947 [nREPL-worker-1] INFO   kixi.ckan.data - Retrieving with offset 3800
2015-01-05 14:15:52.033 [nREPL-worker-1] INFO   kixi.ckan.data - Retrieving with offset 3900
2015-01-05 14:15:52.120 [nREPL-worker-1] INFO   kixi.ckan.data - Retrieving with offset 4000
2015-01-05 14:15:52.203 [nREPL-worker-1] INFO   kixi.ckan.data - Retrieving with offset 4100
2015-01-05 14:15:52.290 [nREPL-worker-1] INFO   kixi.ckan.data - Retrieving with offset 4200
2015-01-05 14:15:52.376 [nREPL-worker-1] INFO   kixi.ckan.data - Retrieving with offset 4300
2015-01-05 14:15:52.471 [nREPL-worker-1] INFO   kixi.ckan.data - Retrieving with offset 4400
2015-01-05 14:15:52.554 [nREPL-worker-1] INFO   kixi.ckan.data - Retrieving with offset 4500
2015-01-05 14:15:52.638 [nREPL-worker-1] INFO   kixi.ckan.data - Retrieving with offset 4600
2015-01-05 14:15:52.723 [nREPL-worker-1] INFO   kixi.ckan.data - Retrieving with offset 4700
2015-01-05 14:15:52.806 [nREPL-worker-1] INFO   kixi.ckan.data - Retrieving with offset 4800
2015-01-05 14:15:52.889 [nREPL-worker-1] INFO   kixi.ckan.data - Retrieving with offset 4900
2015-01-05 14:15:52.974 [nREPL-worker-1] INFO   kixi.ckan.data - Retrieving with offset 5000
2015-01-05 14:15:53.066 [nREPL-worker-1] INFO   kixi.ckan.data - Retrieving with offset 5100
2015-01-05 14:15:53.150 [nREPL-worker-1] INFO   kixi.ckan.data - Retrieving with offset 5200
2015-01-05 14:15:53.233 [nREPL-worker-1] INFO   kixi.ckan.data - Retrieving with offset 5300
2015-01-05 14:15:53.319 [nREPL-worker-1] INFO   kixi.ckan.data - Retrieving with offset 5400
2015-01-05 14:15:53.406 [nREPL-worker-1] INFO   kixi.ckan.data - Retrieving with offset 5500
2015-01-05 14:15:53.493 [nREPL-worker-1] INFO   kixi.ckan.data - Retrieving with offset 5600
2015-01-05 14:15:53.578 [nREPL-worker-1] INFO   kixi.ckan.data - Retrieving with offset 5700
2015-01-05 14:15:54.156 [nREPL-worker-1] INFO   kixi.ckan.data - Retrieving with offset 5800
2015-01-05 14:15:54.240 [nREPL-worker-1] INFO   kixi.ckan.data - Retrieving with offset 5900
2015-01-05 14:15:54.328 [nREPL-worker-1] INFO   kixi.ckan.data - Retrieving with offset 6000
2015-01-05 14:15:54.410 [nREPL-worker-1] INFO   kixi.ckan.data - Retrieving with offset 6100
2015-01-05 14:15:54.493 [nREPL-worker-1] INFO   kixi.ckan.data - Retrieving with offset 6200
2015-01-05 14:15:54.576 [nREPL-worker-1] INFO   kixi.ckan.data - Retrieving with offset 6300
2015-01-05 14:15:54.674 [nREPL-worker-1] INFO   kixi.ckan.data - Retrieving with offset 6400
2015-01-05 14:15:54.757 [nREPL-worker-1] INFO   kixi.ckan.data - Retrieving with offset 6500
2015-01-05 14:15:54.843 [nREPL-worker-1] INFO   kixi.ckan.data - Retrieving with offset 6600
2015-01-05 14:15:54.932 [nREPL-worker-1] INFO   kixi.ckan.data - Retrieving with offset 6700
2015-01-05 14:15:55.015 [nREPL-worker-1] INFO   kixi.ckan.data - Retrieving with offset 6800
2015-01-05 14:15:55.099 [nREPL-worker-1] INFO   kixi.ckan.data - Retrieving with offset 6900
2015-01-05 14:15:55.185 [nREPL-worker-1] INFO   kixi.ckan.data - Retrieving with offset 7000
2015-01-05 14:15:55.271 [nREPL-worker-1] INFO   kixi.ckan.data - Retrieving with offset 7100
2015-01-05 14:15:55.355 [nREPL-worker-1] INFO   kixi.ckan.data - Retrieving with offset 7200
2015-01-05 14:15:55.442 [nREPL-worker-1] INFO   kixi.ckan.data - Retrieving with offset 7300
2015-01-05 14:15:55.528 [nREPL-worker-1] INFO   kixi.ckan.data - Retrieving with offset 7400
2015-01-05 14:15:55.612 [nREPL-worker-1] INFO   kixi.ckan.data - Retrieving with offset 7500
2015-01-05 14:15:55.699 [nREPL-worker-1] INFO   kixi.ckan.data - Retrieving with offset 7600
2015-01-05 14:15:55.784 [nREPL-worker-1] INFO   kixi.ckan.data - Retrieving with offset 7700
2015-01-05 14:15:55.871 [nREPL-worker-1] INFO   kixi.ckan.data - Retrieving with offset 7800
2015-01-05 14:15:55.956 [nREPL-worker-1] INFO   kixi.ckan.data - Retrieving with offset 7900
2015-01-05 14:15:56.044 [nREPL-worker-1] INFO   kixi.ckan.data - Retrieving with offset 8000
2015-01-05 14:15:56.130 [nREPL-worker-1] INFO   kixi.ckan.data - Retrieving with offset 8100
2015-01-05 14:15:56.214 [nREPL-worker-1] INFO   kixi.ckan.data - Retrieving with offset 8200
2015-01-05 14:15:56.300 [nREPL-worker-1] INFO   kixi.ckan.data - Retrieving with offset 8300
2015-01-05 14:15:56.386 [nREPL-worker-1] INFO   kixi.ckan.data - Retrieving with offset 8400
2015-01-05 14:15:56.468 [nREPL-worker-1] INFO   kixi.ckan.data - Retrieving with offset 8500
2015-01-05 14:15:56.558 [nREPL-worker-1] INFO   kixi.ckan.data - Retrieving with offset 8600
2015-01-05 14:15:56.645 [nREPL-worker-1] INFO   kixi.ckan.data - Retrieving with offset 8700
2015-01-05 14:15:56.730 [nREPL-worker-1] INFO   kixi.ckan.data - Retrieving with offset 8800
2015-01-05 14:15:56.813 [nREPL-worker-1] INFO   kixi.ckan.data - Retrieving with offset 8900
2015-01-05 14:15:56.896 [nREPL-worker-1] INFO   kixi.ckan.data - Retrieving with offset 9000
2015-01-05 14:15:56.981 [nREPL-worker-1] INFO   kixi.ckan.data - Retrieving with offset 9100
2015-01-05 14:15:57.065 [nREPL-worker-1] INFO   kixi.ckan.data - Retrieving with offset 9200
2015-01-05 14:15:57.147 [nREPL-worker-1] INFO   kixi.ckan.data - Retrieving with offset 9300
2015-01-05 14:15:57.233 [nREPL-worker-1] INFO   kixi.ckan.data - Retrieving with offset 9400
2015-01-05 14:15:57.317 [nREPL-worker-1] INFO   kixi.ckan.data - Retrieving with offset 9500
2015-01-05 14:15:57.399 [nREPL-worker-1] INFO   kixi.ckan.data - Retrieving with offset 9600
2015-01-05 14:15:57.485 [nREPL-worker-1] INFO   kixi.ckan.data - Retrieving with offset 9700
2015-01-05 14:15:57.568 [nREPL-worker-1] INFO   kixi.ckan.data - Retrieving with offset 9800
2015-01-05 14:15:57.651 [nREPL-worker-1] INFO   kixi.ckan.data - Retrieving with offset 9900
2015-01-05 14:15:57.757 [nREPL-worker-1] INFO   kixi.ckan.data - Retrieving with offset 10000
2015-01-05 14:15:57.841 [nREPL-worker-1] INFO   kixi.ckan.data - Retrieving with offset 10100
2015-01-05 14:15:57.930 [nREPL-worker-1] INFO   kixi.ckan.data - Retrieving with offset 10200
2015-01-05 14:15:58.012 [nREPL-worker-1] INFO   kixi.ckan.data - Retrieving with offset 10300
2015-01-05 14:15:58.102 [nREPL-worker-1] INFO   kixi.ckan.data - Retrieving with offset 10400
2015-01-05 14:15:58.189 [nREPL-worker-1] INFO   kixi.ckan.data - Retrieving with offset 10500
2015-01-05 14:15:58.274 [nREPL-worker-1] INFO   kixi.ckan.data - Retrieving with offset 10600
2015-01-05 14:15:58.361 [nREPL-worker-1] INFO   kixi.ckan.data - Retrieving with offset 10700
2015-01-05 14:15:58.452 [nREPL-worker-1] INFO   kixi.ckan.data - Retrieving with offset 10800
2015-01-05 14:15:58.537 [nREPL-worker-1] INFO   kixi.ckan.data - Retrieving with offset 10900
2015-01-05 14:15:58.622 [nREPL-worker-1] INFO   kixi.ckan.data - Retrieving with offset 11000
2015-01-05 14:15:58.709 [nREPL-worker-1] INFO   kixi.ckan.data - Retrieving with offset 11100
2015-01-05 14:15:58.793 [nREPL-worker-1] INFO   kixi.ckan.data - Retrieving with offset 11200
2015-01-05 14:15:58.876 [nREPL-worker-1] INFO   kixi.ckan.data - Retrieving with offset 11300
2015-01-05 14:15:58.960 [nREPL-worker-1] INFO   kixi.ckan.data - Retrieving with offset 11400
2015-01-05 14:15:59.045 [nREPL-worker-1] INFO   kixi.ckan.data - Retrieving with offset 11500
2015-01-05 14:15:59.128 [nREPL-worker-1] INFO   kixi.ckan.data - Retrieving with offset 11600
2015-01-05 14:15:59.213 [nREPL-worker-1] INFO   kixi.ckan.data - Retrieving with offset 11700
2015-01-05 14:15:59.296 [nREPL-worker-1] INFO   kixi.ckan.data - Retrieving with offset 11800
2015-01-05 14:15:59.378 [nREPL-worker-1] INFO   kixi.ckan.data - Retrieving with offset 11900
2015-01-05 14:15:59.461 [nREPL-worker-1] INFO   kixi.ckan.data - Retrieving with offset 12000
2015-01-05 14:15:59.544 [nREPL-worker-1] INFO   kixi.ckan.data - Retrieving with offset 12100
2015-01-05 14:15:59.626 [nREPL-worker-1] INFO   kixi.ckan.data - Retrieving with offset 12200
2015-01-05 14:15:59.708 [nREPL-worker-1] INFO   kixi.ckan.data - Retrieving with offset 12300
2015-01-05 14:15:59.793 [nREPL-worker-1] INFO   kixi.ckan.data - Retrieving with offset 12400
2015-01-05 14:15:59.875 [nREPL-worker-1] INFO   kixi.ckan.data - Retrieving with offset 12500
2015-01-05 14:15:59.961 [nREPL-worker-1] INFO   kixi.ckan.data - Retrieving with offset 12600
2015-01-05 14:16:00.044 [nREPL-worker-1] INFO   kixi.ckan.data - Retrieving with offset 12700
2015-01-05 14:16:00.129 [nREPL-worker-1] INFO   kixi.ckan.data - Retrieving with offset 12800
2015-01-05 14:16:00.212 [nREPL-worker-1] INFO   kixi.ckan.data - Retrieving with offset 12900
2015-01-05 14:16:00.296 [nREPL-worker-1] INFO   kixi.ckan.data - Retrieving with offset 13000
2015-01-05 14:16:00.380 [nREPL-worker-1] INFO   kixi.ckan.data - Retrieving with offset 13100
2015-01-05 14:16:00.466 [nREPL-worker-1] INFO   kixi.ckan.data - Retrieving with offset 13200
2015-01-05 14:16:00.549 [nREPL-worker-1] INFO   kixi.ckan.data - Retrieving with offset 13300
2015-01-05 14:16:00.631 [nREPL-worker-1] INFO   kixi.ckan.data - Retrieving with offset 13400
2015-01-05 14:16:00.713 [nREPL-worker-1] INFO   kixi.ckan.data - Retrieving with offset 13500
2015-01-05 14:16:00.795 [nREPL-worker-1] INFO   kixi.ckan.data - Retrieving with offset 13600
2015-01-05 14:16:00.876 [nREPL-worker-1] INFO   kixi.ckan.data - Retrieving with offset 13700
2015-01-05 14:16:00.958 [nREPL-worker-1] INFO   kixi.ckan.data - Retrieving with offset 13800
2015-01-05 14:16:01.047 [nREPL-worker-1] INFO   kixi.ckan.data - Retrieving with offset 13900
2015-01-05 14:16:01.133 [nREPL-worker-1] INFO   kixi.ckan.data - Retrieving with offset 14000
2015-01-05 14:16:01.221 [nREPL-worker-1] INFO   kixi.ckan.data - Retrieving with offset 14100
2015-01-05 14:16:01.308 [nREPL-worker-1] INFO   kixi.ckan.data - Retrieving with offset 14200
2015-01-05 14:16:01.399 [nREPL-worker-1] INFO   kixi.ckan.data - Retrieving with offset 14300
2015-01-05 14:16:01.484 [nREPL-worker-1] INFO   kixi.ckan.data - Retrieving with offset 14400
2015-01-05 14:16:01.570 [nREPL-worker-1] INFO   kixi.ckan.data - Retrieving with offset 14500
2015-01-05 14:16:01.655 [nREPL-worker-1] INFO   kixi.ckan.data - Retrieving with offset 14600
2015-01-05 14:16:01.744 [nREPL-worker-1] INFO   kixi.ckan.data - Retrieving with offset 14700
2015-01-05 14:16:01.839 [nREPL-worker-1] INFO   kixi.ckan.data - Retrieving with offset 14800
2015-01-05 14:16:01.946 [nREPL-worker-1] INFO   kixi.ckan.data - Retrieving with offset 14900
2015-01-05 14:16:02.037 [nREPL-worker-1] INFO   kixi.ckan.data - Retrieving with offset 15000
2015-01-05 14:16:02.121 [nREPL-worker-1] INFO   kixi.ckan.data - Retrieving with offset 15100
2015-01-05 14:16:02.217 [nREPL-worker-1] INFO   kixi.ckan.data - Retrieving with offset 15200
2015-01-05 14:16:02.307 [nREPL-worker-1] INFO   kixi.ckan.data - Retrieving with offset 15300
2015-01-05 14:16:02.394 [nREPL-worker-1] INFO   kixi.ckan.data - Retrieving with offset 15400
2015-01-05 14:16:02.480 [nREPL-worker-1] INFO   kixi.ckan.data - Retrieving with offset 15500
2015-01-05 14:16:02.570 [nREPL-worker-1] INFO   kixi.ckan.data - Retrieving with offset 15600
2015-01-05 14:16:02.657 [nREPL-worker-1] INFO   kixi.ckan.data - Retrieving with offset 15700
2015-01-05 14:16:02.744 [nREPL-worker-1] INFO   kixi.ckan.data - Retrieving with offset 15800
2015-01-05 14:16:02.870 [nREPL-worker-1] INFO   kixi.ckan.data - Retrieving with offset 15900
2015-01-05 14:16:02.952 [nREPL-worker-1] INFO   kixi.ckan.data - Retrieving with offset 16000
2015-01-05 14:16:03.036 [nREPL-worker-1] INFO   kixi.ckan.data - Retrieving with offset 16100
2015-01-05 14:16:03.119 [nREPL-worker-1] INFO   kixi.ckan.data - Retrieving with offset 16200
2015-01-05 14:16:03.209 [nREPL-worker-1] INFO   kixi.ckan.data - Retrieving with offset 16300
2015-01-05 14:16:03.293 [nREPL-worker-1] INFO   kixi.ckan.data - Retrieving with offset 16400
2015-01-05 14:16:03.378 [nREPL-worker-1] INFO   kixi.ckan.data - Retrieving with offset 16500
2015-01-05 14:16:03.460 [nREPL-worker-1] INFO   kixi.ckan.data - Retrieving with offset 16600
2015-01-05 14:16:03.545 [nREPL-worker-1] INFO   kixi.ckan.data - Retrieving with offset 16700
2015-01-05 14:16:03.628 [nREPL-worker-1] INFO   kixi.ckan.data - Retrieving with offset 16800
2015-01-05 14:16:03.708 [nREPL-worker-1] INFO   kixi.ckan.data - Retrieving with offset 16900
2015-01-05 14:16:03.792 [nREPL-worker-1] INFO   kixi.ckan.data - Retrieving with offset 17000
2015-01-05 14:16:03.874 [nREPL-worker-1] INFO   kixi.ckan.data - Retrieving with offset 17100
2015-01-05 14:16:03.957 [nREPL-worker-1] INFO   kixi.ckan.data - Retrieving with offset 17200
2015-01-05 14:16:06.062 [nREPL-worker-1] INFO   kixi.ckan.data - Retrieving with offset 17300
2015-01-05 14:16:06.147 [nREPL-worker-1] INFO   kixi.ckan.data - Retrieving with offset 17400
2015-01-05 14:16:06.238 [nREPL-worker-1] INFO   kixi.ckan.data - Retrieving with offset 17500
2015-01-05 14:16:07.316 [nREPL-worker-1] INFO   kixi.ckan.data - Retrieving with offset 17600
2015-01-05 14:16:07.406 [nREPL-worker-1] INFO   kixi.ckan.data - Retrieving with offset 17700
2015-01-05 14:16:07.491 [nREPL-worker-1] INFO   kixi.ckan.data - Retrieving with offset 17800
2015-01-05 14:16:07.580 [nREPL-worker-1] INFO   kixi.ckan.data - Retrieving with offset 17900
2015-01-05 14:16:08.670 [nREPL-worker-1] INFO   kixi.ckan.data - Retrieving with offset 18000
2015-01-05 14:16:08.759 [nREPL-worker-1] INFO   kixi.ckan.data - Retrieving with offset 18100
2015-01-05 14:16:09.848 [nREPL-worker-1] INFO   kixi.ckan.data - Retrieving with offset 18200
2015-01-05 14:16:09.932 [nREPL-worker-1] INFO   kixi.ckan.data - Retrieving with offset 18300
2015-01-05 14:16:10.016 [nREPL-worker-1] INFO   kixi.ckan.data - Retrieving with offset 18400
2015-01-05 14:16:10.105 [nREPL-worker-1] INFO   kixi.ckan.data - Retrieving with offset 18500
2015-01-05 14:16:11.199 [nREPL-worker-1] INFO   kixi.ckan.data - Retrieving with offset 18600
2015-01-05 14:16:11.285 [nREPL-worker-1] INFO   kixi.ckan.data - Retrieving with offset 18700
2015-01-05 14:16:11.369 [nREPL-worker-1] INFO   kixi.ckan.data - Retrieving with offset 18800
2015-01-05 14:16:12.463 [nREPL-worker-1] INFO   kixi.ckan.data - Retrieving with offset 18900
2015-01-05 14:16:12.550 [nREPL-worker-1] INFO   kixi.ckan.data - Retrieving with offset 19000
2015-01-05 14:16:12.636 [nREPL-worker-1] INFO   kixi.ckan.data - Retrieving with offset 19100
2015-01-05 14:16:12.724 [nREPL-worker-1] INFO   kixi.ckan.data - Retrieving with offset 19200
2015-01-05 14:16:12.806 [nREPL-worker-1] INFO   kixi.ckan.data - Retrieving with offset 19300
2015-01-05 14:16:12.892 [nREPL-worker-1] INFO   kixi.ckan.data - Retrieving with offset 19400
2015-01-05 14:16:12.979 [nREPL-worker-1] INFO   kixi.ckan.data - Retrieving with offset 19500
2015-01-05 14:16:13.064 [nREPL-worker-1] INFO   kixi.ckan.data - Retrieving with offset 19600
2015-01-05 14:16:13.147 [nREPL-worker-1] INFO   kixi.ckan.data - Retrieving with offset 19700
2015-01-05 14:16:13.234 [nREPL-worker-1] INFO   kixi.ckan.data - Retrieving with offset 19800
2015-01-05 14:16:13.313 [nREPL-worker-1] INFO   kixi.ckan.data - Retrieving with offset 19900
2015-01-05 14:16:13.395 [nREPL-worker-1] INFO   kixi.ckan.data - Retrieving with offset 20000
2015-01-05 14:16:13.487 [nREPL-worker-1] INFO   kixi.ckan.data - Retrieving with offset 20100
2015-01-05 14:16:13.574 [nREPL-worker-1] INFO   kixi.ckan.data - Retrieving with offset 20200
2015-01-05 14:16:13.655 [nREPL-worker-1] INFO   kixi.ckan.data - Retrieving with offset 20300
2015-01-05 14:16:13.742 [nREPL-worker-1] INFO   kixi.ckan.data - Retrieving with offset 20400
2015-01-05 14:16:13.826 [nREPL-worker-1] INFO   kixi.ckan.data - Retrieving with offset 20500
2015-01-05 14:16:13.910 [nREPL-worker-1] INFO   kixi.ckan.data - Retrieving with offset 20600
2015-01-05 14:16:13.993 [nREPL-worker-1] INFO   kixi.ckan.data - Retrieving with offset 20700
2015-01-05 14:16:15.084 [nREPL-worker-1] INFO   kixi.ckan.data - Retrieving with offset 20800
2015-01-05 14:16:15.166 [nREPL-worker-1] INFO   kixi.ckan.data - Retrieving with offset 20900
2015-01-05 14:16:15.257 [nREPL-worker-1] INFO   kixi.ckan.data - Retrieving with offset 21000
2015-01-05 14:16:15.345 [nREPL-worker-1] INFO   kixi.ckan.data - Retrieving with offset 21100
2015-01-05 14:16:15.432 [nREPL-worker-1] INFO   kixi.ckan.data - Retrieving with offset 21200
2015-01-05 14:16:15.516 [nREPL-worker-1] INFO   kixi.ckan.data - Retrieving with offset 21300
2015-01-05 14:16:15.600 [nREPL-worker-1] INFO   kixi.ckan.data - Retrieving with offset 21400
2015-01-05 14:16:15.689 [nREPL-worker-1] INFO   kixi.ckan.data - Retrieving with offset 21500
2015-01-05 14:16:15.772 [nREPL-worker-1] INFO   kixi.ckan.data - Retrieving with offset 21600
2015-01-05 14:16:15.857 [nREPL-worker-1] INFO   kixi.ckan.data - Retrieving with offset 21700
2015-01-05 14:16:15.940 [nREPL-worker-1] INFO   kixi.ckan.data - Retrieving with offset 21800
2015-01-05 14:16:16.025 [nREPL-worker-1] INFO   kixi.ckan.data - Retrieving with offset 21900
2015-01-05 14:16:16.110 [nREPL-worker-1] INFO   kixi.ckan.data - Retrieving with offset 22000
2015-01-05 14:16:16.192 [nREPL-worker-1] INFO   kixi.ckan.data - Retrieving with offset 22100
2015-01-05 14:16:16.276 [nREPL-worker-1] INFO   kixi.ckan.data - Retrieving with offset 22200
2015-01-05 14:16:16.361 [nREPL-worker-1] INFO   kixi.ckan.data - Retrieving with offset 22300
2015-01-05 14:16:16.444 [nREPL-worker-1] INFO   kixi.ckan.data - Retrieving with offset 22400
2015-01-05 14:16:16.534 [nREPL-worker-1] INFO   kixi.ckan.data - Retrieving with offset 22500
2015-01-05 14:16:16.621 [nREPL-worker-1] INFO   kixi.ckan.data - Retrieving with offset 22600
2015-01-05 14:16:16.706 [nREPL-worker-1] INFO   kixi.ckan.data - Retrieving with offset 22700
2015-01-05 14:16:16.792 [nREPL-worker-1] INFO   kixi.ckan.data - Retrieving with offset 22800
2015-01-05 14:16:16.877 [nREPL-worker-1] INFO   kixi.ckan.data - Retrieving with offset 22900
2015-01-05 14:16:16.962 [nREPL-worker-1] INFO   kixi.ckan.data - Retrieving with offset 23000
2015-01-05 14:16:17.089 [nREPL-worker-1] INFO   kixi.ckan.data - Retrieving with offset 23100
2015-01-05 14:16:17.177 [nREPL-worker-1] INFO   kixi.ckan.data - Retrieving with offset 23200
2015-01-05 14:16:17.261 [nREPL-worker-1] INFO   kixi.ckan.data - Retrieving with offset 23300
2015-01-05 14:16:17.343 [nREPL-worker-1] INFO   kixi.ckan.data - Retrieving with offset 23400
2015-01-05 14:16:17.429 [nREPL-worker-1] INFO   kixi.ckan.data - Retrieving with offset 23500
2015-01-05 14:16:17.511 [nREPL-worker-1] INFO   kixi.ckan.data - Retrieving with offset 23600
2015-01-05 14:16:17.597 [nREPL-worker-1] INFO   kixi.ckan.data - Retrieving with offset 23700
2015-01-05 14:16:17.689 [nREPL-worker-1] INFO   kixi.ckan.data - Retrieving with offset 23800
2015-01-05 14:16:17.772 [nREPL-worker-1] INFO   kixi.ckan.data - Retrieving with offset 23900
2015-01-05 14:16:17.856 [nREPL-worker-1] INFO   kixi.ckan.data - Retrieving with offset 24000
2015-01-05 14:16:17.940 [nREPL-worker-1] INFO   kixi.ckan.data - Retrieving with offset 24100
2015-01-05 14:16:18.025 [nREPL-worker-1] INFO   kixi.ckan.data - Retrieving with offset 24200
2015-01-05 14:16:18.110 [nREPL-worker-1] INFO   kixi.ckan.data - Retrieving with offset 24300
2015-01-05 14:16:18.192 [nREPL-worker-1] INFO   kixi.ckan.data - Retrieving with offset 24400
2015-01-05 14:16:18.277 [nREPL-worker-1] INFO   kixi.ckan.data - Retrieving with offset 24500
2015-01-05 14:16:18.371 [nREPL-worker-1] INFO   kixi.ckan.data - Retrieving with offset 24600
2015-01-05 14:16:18.454 [nREPL-worker-1] INFO   kixi.ckan.data - Retrieving with offset 24700
2015-01-05 14:16:18.541 [nREPL-worker-1] INFO   kixi.ckan.data - Retrieving with offset 24800
2015-01-05 14:16:18.624 [nREPL-worker-1] INFO   kixi.ckan.data - Retrieving with offset 24900
2015-01-05 14:16:18.712 [nREPL-worker-1] INFO   kixi.ckan.data - Retrieving with offset 25000
2015-01-05 14:16:18.798 [nREPL-worker-1] INFO   kixi.ckan.data - Retrieving with offset 25100
2015-01-05 14:16:18.883 [nREPL-worker-1] INFO   kixi.ckan.data - Retrieving with offset 25200
2015-01-05 14:16:18.968 [nREPL-worker-1] INFO   kixi.ckan.data - Retrieving with offset 25300
2015-01-05 14:16:19.052 [nREPL-worker-1] INFO   kixi.ckan.data - Retrieving with offset 25400
2015-01-05 14:16:19.135 [nREPL-worker-1] INFO   kixi.ckan.data - Retrieving with offset 25500
2015-01-05 14:16:19.220 [nREPL-worker-1] INFO   kixi.ckan.data - Retrieving with offset 25600
2015-01-05 14:16:19.306 [nREPL-worker-1] INFO   kixi.ckan.data - Retrieving with offset 25700
2015-01-05 14:16:19.394 [nREPL-worker-1] INFO   kixi.ckan.data - Retrieving with offset 25800
2015-01-05 14:16:19.483 [nREPL-worker-1] INFO   kixi.ckan.data - Retrieving with offset 25900
2015-01-05 14:16:19.568 [nREPL-worker-1] INFO   kixi.ckan.data - Retrieving with offset 26000
2015-01-05 14:16:19.655 [nREPL-worker-1] INFO   kixi.ckan.data - Retrieving with offset 26100
2015-01-05 14:16:19.741 [nREPL-worker-1] INFO   kixi.ckan.data - Retrieving with offset 26200
2015-01-05 14:16:19.823 [nREPL-worker-1] INFO   kixi.ckan.data - Retrieving with offset 26300
2015-01-05 14:16:19.908 [nREPL-worker-1] INFO   kixi.ckan.data - Retrieving with offset 26400
2015-01-05 14:16:19.993 [nREPL-worker-1] INFO   kixi.ckan.data - Retrieving with offset 26500
2015-01-05 14:16:20.077 [nREPL-worker-1] INFO   kixi.ckan.data - Retrieving with offset 26600
2015-01-05 14:16:20.160 [nREPL-worker-1] INFO   kixi.ckan.data - Retrieving with offset 26700
2015-01-05 14:16:20.248 [nREPL-worker-1] INFO   kixi.ckan.data - Retrieving with offset 26800
2015-01-05 14:16:20.334 [nREPL-worker-1] INFO   kixi.ckan.data - Retrieving with offset 26900
2015-01-05 14:16:20.416 [nREPL-worker-1] INFO   kixi.ckan.data - Retrieving with offset 27000
2015-01-05 14:16:20.500 [nREPL-worker-1] INFO   kixi.ckan.data - Retrieving with offset 27100
2015-01-05 14:16:20.590 [nREPL-worker-1] INFO   kixi.ckan.data - Retrieving with offset 27200
2015-01-05 14:16:20.671 [nREPL-worker-1] INFO   kixi.ckan.data - Retrieving with offset 27300
2015-01-05 14:16:20.756 [nREPL-worker-1] INFO   kixi.ckan.data - Retrieving with offset 27400
2015-01-05 14:16:20.840 [nREPL-worker-1] INFO   kixi.ckan.data - Retrieving with offset 27500
2015-01-05 14:16:20.927 [nREPL-worker-1] INFO   kixi.ckan.data - Retrieving with offset 27600
2015-01-05 14:16:21.019 [nREPL-worker-1] INFO   kixi.ckan.data - Retrieving with offset 27700
2015-01-05 14:16:21.104 [nREPL-worker-1] INFO   kixi.ckan.data - Retrieving with offset 27800
2015-01-05 14:16:21.188 [nREPL-worker-1] INFO   kixi.ckan.data - Retrieving with offset 27900
2015-01-05 14:16:21.271 [nREPL-worker-1] INFO   kixi.ckan.data - Retrieving with offset 28000
2015-01-05 14:16:21.356 [nREPL-worker-1] INFO   kixi.ckan.data - Retrieving with offset 28100
2015-01-05 14:16:21.437 [nREPL-worker-1] INFO   kixi.ckan.data - Retrieving with offset 28200
2015-01-05 14:16:21.526 [nREPL-worker-1] INFO   kixi.ckan.data - Retrieving with offset 28300
2015-01-05 14:16:21.608 [nREPL-worker-1] INFO   kixi.ckan.data - Retrieving with offset 28400
2015-01-05 14:16:21.692 [nREPL-worker-1] INFO   kixi.ckan.data - Retrieving with offset 28500
2015-01-05 14:16:21.777 [nREPL-worker-1] INFO   kixi.ckan.data - Retrieving with offset 28600
2015-01-05 14:16:21.894 [nREPL-worker-1] INFO   kixi.ckan.data - Retrieving with offset 28700
2015-01-05 14:16:21.982 [nREPL-worker-1] INFO   kixi.ckan.data - Retrieving with offset 28800
2015-01-05 14:16:22.065 [nREPL-worker-1] INFO   kixi.ckan.data - Retrieving with offset 28900
2015-01-05 14:16:22.150 [nREPL-worker-1] INFO   kixi.ckan.data - Retrieving with offset 29000
2015-01-05 14:16:22.247 [nREPL-worker-1] INFO   kixi.ckan.data - Retrieving with offset 29100
2015-01-05 14:16:22.330 [nREPL-worker-1] INFO   kixi.ckan.data - Retrieving with offset 29200
2015-01-05 14:16:22.411 [nREPL-worker-1] INFO   kixi.ckan.data - Retrieving with offset 29300
2015-01-05 14:16:22.492 [nREPL-worker-1] INFO   kixi.ckan.data - Retrieving with offset 29400
2015-01-05 14:16:22.576 [nREPL-worker-1] INFO   kixi.ckan.data - Retrieving with offset 29500
2015-01-05 14:16:22.661 [nREPL-worker-1] INFO   kixi.ckan.data - Retrieving with offset 29600
2015-01-05 14:16:22.744 [nREPL-worker-1] INFO   kixi.ckan.data - Retrieving with offset 29700
2015-01-05 14:16:22.827 [nREPL-worker-1] INFO   kixi.ckan.data - Retrieving with offset 29800
2015-01-05 14:16:22.914 [nREPL-worker-1] INFO   kixi.ckan.data - Retrieving with offset 29900
2015-01-05 14:16:23.005 [nREPL-worker-1] INFO   kixi.ckan.data - Retrieving with offset 30000
2015-01-05 14:16:23.088 [nREPL-worker-1] INFO   kixi.ckan.data - Retrieving with offset 30100
2015-01-05 14:16:23.170 [nREPL-worker-1] INFO   kixi.ckan.data - Retrieving with offset 30200
2015-01-05 14:16:23.257 [nREPL-worker-1] INFO   kixi.ckan.data - Retrieving with offset 30300
2015-01-05 14:16:23.339 [nREPL-worker-1] INFO   kixi.ckan.data - Retrieving with offset 30400
2015-01-05 14:16:23.422 [nREPL-worker-1] INFO   kixi.ckan.data - Retrieving with offset 30500
2015-01-05 14:16:23.503 [nREPL-worker-1] INFO   kixi.ckan.data - Retrieving with offset 30600
2015-01-05 14:16:23.587 [nREPL-worker-1] INFO   kixi.ckan.data - Retrieving with offset 30700
2015-01-05 14:16:23.672 [nREPL-worker-1] INFO   kixi.ckan.data - Retrieving with offset 30800
2015-01-05 14:16:23.756 [nREPL-worker-1] INFO   kixi.ckan.data - Retrieving with offset 30900
2015-01-05 14:16:23.860 [nREPL-worker-1] INFO   kixi.ckan.data - Retrieving with offset 31000
2015-01-05 14:16:23.944 [nREPL-worker-1] INFO   kixi.ckan.data - Retrieving with offset 31100
2015-01-05 14:16:24.028 [nREPL-worker-1] INFO   kixi.ckan.data - Retrieving with offset 31200
2015-01-05 14:16:24.110 [nREPL-worker-1] INFO   kixi.ckan.data - Retrieving with offset 31300
2015-01-05 14:16:24.193 [nREPL-worker-1] INFO   kixi.ckan.data - Retrieving with offset 31400
2015-01-05 14:16:24.279 [nREPL-worker-1] INFO   kixi.ckan.data - Retrieving with offset 31500
2015-01-05 14:16:24.360 [nREPL-worker-1] INFO   kixi.ckan.data - Retrieving with offset 31600
2015-01-05 14:16:24.444 [nREPL-worker-1] INFO   kixi.ckan.data - Retrieving with offset 31700
2015-01-05 14:16:24.532 [nREPL-worker-1] INFO   kixi.ckan.data - Retrieving with offset 31800
2015-01-05 14:16:24.616 [nREPL-worker-1] INFO   kixi.ckan.data - Retrieving with offset 31900
2015-01-05 14:16:24.700 [nREPL-worker-1] INFO   kixi.ckan.data - Retrieving with offset 32000
2015-01-05 14:16:24.786 [nREPL-worker-1] INFO   kixi.ckan.data - Retrieving with offset 32100
2015-01-05 14:16:24.869 [nREPL-worker-1] INFO   kixi.ckan.data - Retrieving with offset 32200
2015-01-05 14:16:24.952 [nREPL-worker-1] INFO   kixi.ckan.data - Retrieving with offset 32300
2015-01-05 14:16:25.037 [nREPL-worker-1] INFO   kixi.ckan.data - Retrieving with offset 32400
2015-01-05 14:16:25.120 [nREPL-worker-1] INFO   kixi.ckan.data - Retrieving with offset 32500
2015-01-05 14:16:25.204 [nREPL-worker-1] INFO   kixi.ckan.data - Retrieving with offset 32600
2015-01-05 14:16:25.287 [nREPL-worker-1] INFO   kixi.ckan.data - Retrieving with offset 32700
2015-01-05 14:16:25.414 [nREPL-worker-1] INFO   kixi.ckan.data - Retrieving with offset 32800
2015-01-05 14:16:25.495 [nREPL-worker-1] INFO   kixi.ckan.data - Retrieving with offset 32900
2015-01-05 14:16:25.581 [nREPL-worker-1] INFO   kixi.ckan.data - Retrieving with offset 33000
2015-01-05 14:16:25.666 [nREPL-worker-1] INFO   kixi.ckan.data - Retrieving with offset 33100
2015-01-05 14:16:25.748 [nREPL-worker-1] INFO   kixi.ckan.data - Retrieving with offset 33200
2015-01-05 14:16:25.833 [nREPL-worker-1] INFO   kixi.ckan.data - Retrieving with offset 33300
2015-01-05 14:16:25.921 [nREPL-worker-1] INFO   kixi.ckan.data - Retrieving with offset 33400
2015-01-05 14:16:26.008 [nREPL-worker-1] INFO   kixi.ckan.data - Retrieving with offset 33500
2015-01-05 14:16:26.089 [nREPL-worker-1] INFO   kixi.ckan.data - Retrieving with offset 33600
2015-01-05 14:16:26.174 [nREPL-worker-1] INFO   kixi.ckan.data - Retrieving with offset 33700
2015-01-05 14:16:26.256 [nREPL-worker-1] INFO   kixi.ckan.data - Retrieving with offset 33800
2015-01-05 14:16:26.340 [nREPL-worker-1] INFO   kixi.ckan.data - Retrieving with offset 33900
2015-01-05 14:16:26.422 [nREPL-worker-1] INFO   kixi.ckan.data - Retrieving with offset 34000
2015-01-05 14:16:26.508 [nREPL-worker-1] INFO   kixi.ckan.data - Retrieving with offset 34100
2015-01-05 14:16:26.593 [nREPL-worker-1] INFO   kixi.ckan.data - Retrieving with offset 34200
2015-01-05 14:16:26.677 [nREPL-worker-1] INFO   kixi.ckan.data - Retrieving with offset 34300
2015-01-05 14:16:26.758 [nREPL-worker-1] INFO   kixi.ckan.data - Retrieving with offset 34400
2015-01-05 14:16:26.844 [nREPL-worker-1] INFO   kixi.ckan.data - Retrieving with offset 34500
2015-01-05 14:16:26.926 [nREPL-worker-1] INFO   kixi.ckan.data - Retrieving with offset 34600
2015-01-05 14:16:27.010 [nREPL-worker-1] INFO   kixi.ckan.data - Retrieving with offset 34700
2015-01-05 14:16:27.095 [nREPL-worker-1] INFO   kixi.ckan.data - Retrieving with offset 34800
2015-01-05 14:16:27.181 [nREPL-worker-1] INFO   kixi.ckan.data - Retrieving with offset 34900
2015-01-05 14:16:27.269 [nREPL-worker-1] INFO   kixi.ckan.data - Retrieving with offset 35000
2015-01-05 14:16:27.351 [nREPL-worker-1] INFO   kixi.ckan.data - Retrieving with offset 35100
2015-01-05 14:16:27.438 [nREPL-worker-1] INFO   kixi.ckan.data - Retrieving with offset 35200
2015-01-05 14:16:27.522 [nREPL-worker-1] INFO   kixi.ckan.data - Retrieving with offset 35300
2015-01-05 14:16:27.608 [nREPL-worker-1] INFO   kixi.ckan.data - Retrieving with offset 35400
2015-01-05 14:16:27.699 [nREPL-worker-1] INFO   kixi.ckan.data - Retrieving with offset 35500
2015-01-05 14:16:27.784 [nREPL-worker-1] INFO   kixi.ckan.data - Retrieving with offset 35600
2015-01-05 14:16:27.871 [nREPL-worker-1] INFO   kixi.ckan.data - Retrieving with offset 35700
2015-01-05 14:16:27.958 [nREPL-worker-1] INFO   kixi.ckan.data - Retrieving with offset 35800
2015-01-05 14:16:28.041 [nREPL-worker-1] INFO   kixi.ckan.data - Retrieving with offset 35900
2015-01-05 14:16:28.185 [nREPL-worker-1] INFO   kixi.ckan.data - Retrieving with offset 36000
2015-01-05 14:16:28.269 [nREPL-worker-1] INFO   kixi.ckan.data - Retrieving with offset 36100
2015-01-05 14:16:28.353 [nREPL-worker-1] INFO   kixi.ckan.data - Retrieving with offset 36200
2015-01-05 14:16:28.437 [nREPL-worker-1] INFO   kixi.ckan.data - Retrieving with offset 36300
2015-01-05 14:16:28.524 [nREPL-worker-1] INFO   kixi.ckan.data - Retrieving with offset 36400
2015-01-05 14:16:28.609 [nREPL-worker-1] INFO   kixi.ckan.data - Retrieving with offset 36500
2015-01-05 14:16:28.692 [nREPL-worker-1] INFO   kixi.ckan.data - Retrieving with offset 36600
2015-01-05 14:16:28.777 [nREPL-worker-1] INFO   kixi.ckan.data - Retrieving with offset 36700
2015-01-05 14:16:28.861 [nREPL-worker-1] INFO   kixi.ckan.data - Retrieving with offset 36800
2015-01-05 14:16:28.948 [nREPL-worker-1] INFO   kixi.ckan.data - Retrieving with offset 36900
2015-01-05 14:16:29.032 [nREPL-worker-1] INFO   kixi.ckan.data - Retrieving with offset 37000
2015-01-05 14:16:29.117 [nREPL-worker-1] INFO   kixi.ckan.data - Retrieving with offset 37100
2015-01-05 14:16:29.202 [nREPL-worker-1] INFO   kixi.ckan.data - Retrieving with offset 37200
2015-01-05 14:16:29.288 [nREPL-worker-1] INFO   kixi.ckan.data - Retrieving with offset 37300
2015-01-05 14:16:29.372 [nREPL-worker-1] INFO   kixi.ckan.data - Retrieving with offset 37400
2015-01-05 14:16:29.456 [nREPL-worker-1] INFO   kixi.ckan.data - Retrieving with offset 37500
2015-01-05 14:16:29.543 [nREPL-worker-1] INFO   kixi.ckan.data - Retrieving with offset 37600
2015-01-05 14:16:29.629 [nREPL-worker-1] INFO   kixi.ckan.data - Retrieving with offset 37700
2015-01-05 14:16:29.713 [nREPL-worker-1] INFO   kixi.ckan.data - Retrieving with offset 37800
2015-01-05 14:16:29.798 [nREPL-worker-1] INFO   kixi.ckan.data - Retrieving with offset 37900
2015-01-05 14:16:29.880 [nREPL-worker-1] INFO   kixi.ckan.data - Retrieving with offset 38000
2015-01-05 14:16:29.964 [nREPL-worker-1] INFO   kixi.ckan.data - Retrieving with offset 38100
2015-01-05 14:16:30.048 [nREPL-worker-1] INFO   kixi.ckan.data - Retrieving with offset 38200
2015-01-05 14:16:30.134 [nREPL-worker-1] INFO   kixi.ckan.data - Retrieving with offset 38300
2015-01-05 14:16:30.218 [nREPL-worker-1] INFO   kixi.ckan.data - Retrieving with offset 38400
2015-01-05 14:16:30.307 [nREPL-worker-1] INFO   kixi.ckan.data - Retrieving with offset 38500
2015-01-05 14:16:30.390 [nREPL-worker-1] INFO   kixi.ckan.data - Retrieving with offset 38600
2015-01-05 14:16:30.473 [nREPL-worker-1] INFO   kixi.ckan.data - Retrieving with offset 38700
2015-01-05 14:16:30.564 [nREPL-worker-1] INFO   kixi.ckan.data - Retrieving with offset 38800
2015-01-05 14:16:30.650 [nREPL-worker-1] INFO   kixi.ckan.data - Retrieving with offset 38900
2015-01-05 14:16:30.734 [nREPL-worker-1] INFO   kixi.ckan.data - Retrieving with offset 39000
2015-01-05 14:16:30.817 [nREPL-worker-1] INFO   kixi.ckan.data - Retrieving with offset 39100
2015-01-05 14:16:30.903 [nREPL-worker-1] INFO   kixi.ckan.data - Retrieving with offset 39200
2015-01-05 14:16:30.988 [nREPL-worker-1] INFO   kixi.ckan.data - Retrieving with offset 39300
2015-01-05 14:16:31.074 [nREPL-worker-1] INFO   kixi.ckan.data - Retrieving with offset 39400
2015-01-05 14:16:31.160 [nREPL-worker-1] INFO   kixi.ckan.data - Retrieving with offset 39500
2015-01-05 14:16:31.250 [nREPL-worker-1] INFO   kixi.ckan.data - Retrieving with offset 39600
2015-01-05 14:16:31.337 [nREPL-worker-1] INFO   kixi.ckan.data - Retrieving with offset 39700
2015-01-05 14:16:31.420 [nREPL-worker-1] INFO   kixi.ckan.data - Retrieving with offset 39800
2015-01-05 14:16:31.503 [nREPL-worker-1] INFO   kixi.ckan.data - Retrieving with offset 39900
2015-01-05 14:16:31.589 [nREPL-worker-1] INFO   kixi.ckan.data - Retrieving with offset 40000
2015-01-05 14:16:31.672 [nREPL-worker-1] INFO   kixi.ckan.data - Retrieving with offset 40100
2015-01-05 14:16:31.757 [nREPL-worker-1] INFO   kixi.ckan.data - Retrieving with offset 40200
2015-01-05 14:16:31.844 [nREPL-worker-1] INFO   kixi.ckan.data - Retrieving with offset 40300
2015-01-05 14:16:34.890 [nREPL-worker-1] INFO   kixi.ckan.data - Retrieving with offset 40400
2015-01-05 14:16:34.975 [nREPL-worker-1] INFO   kixi.ckan.data - Retrieving with offset 40500
2015-01-05 14:16:35.060 [nREPL-worker-1] INFO   kixi.ckan.data - Retrieving with offset 40600
2015-01-05 14:16:35.145 [nREPL-worker-1] INFO   kixi.ckan.data - Retrieving with offset 40700
2015-01-05 14:16:35.231 [nREPL-worker-1] INFO   kixi.ckan.data - Retrieving with offset 40800
2015-01-05 14:16:35.316 [nREPL-worker-1] INFO   kixi.ckan.data - Retrieving with offset 40900
2015-01-05 14:16:35.401 [nREPL-worker-1] INFO   kixi.ckan.data - Retrieving with offset 41000
2015-01-05 14:16:35.482 [nREPL-worker-1] INFO   kixi.ckan.data - Retrieving with offset 41100
2015-01-05 14:16:35.568 [nREPL-worker-1] INFO   kixi.ckan.data - Retrieving with offset 41200
2015-01-05 14:16:35.660 [nREPL-worker-1] INFO   kixi.ckan.data - Retrieving with offset 41300
2015-01-05 14:16:35.743 [nREPL-worker-1] INFO   kixi.ckan.data - Retrieving with offset 41400
2015-01-05 14:16:35.827 [nREPL-worker-1] INFO   kixi.ckan.data - Retrieving with offset 41500
2015-01-05 14:16:35.912 [nREPL-worker-1] INFO   kixi.ckan.data - Retrieving with offset 41600
2015-01-05 14:16:35.996 [nREPL-worker-1] INFO   kixi.ckan.data - Retrieving with offset 41700
2015-01-05 14:16:36.082 [nREPL-worker-1] INFO   kixi.ckan.data - Retrieving with offset 41800
2015-01-05 14:16:36.163 [nREPL-worker-1] INFO   kixi.ckan.data - Retrieving with offset 41900
2015-01-05 14:16:36.248 [nREPL-worker-1] INFO   kixi.ckan.data - Retrieving with offset 42000
2015-01-05 14:16:36.332 [nREPL-worker-1] INFO   kixi.ckan.data - Retrieving with offset 42100
2015-01-05 14:16:36.412 [nREPL-worker-1] INFO   kixi.ckan.data - Retrieving with offset 42200
2015-01-05 14:16:36.501 [nREPL-worker-1] INFO   kixi.ckan.data - Retrieving with offset 42300
2015-01-05 14:16:36.585 [nREPL-worker-1] INFO   kixi.ckan.data - Retrieving with offset 42400
2015-01-05 14:16:36.668 [nREPL-worker-1] INFO   kixi.ckan.data - Retrieving with offset 42500
2015-01-05 14:16:36.751 [nREPL-worker-1] INFO   kixi.ckan.data - Retrieving with offset 42600
2015-01-05 14:16:36.837 [nREPL-worker-1] INFO   kixi.ckan.data - Retrieving with offset 42700
2015-01-05 14:16:36.921 [nREPL-worker-1] INFO   kixi.ckan.data - Retrieving with offset 42800
2015-01-05 14:16:37.100 [nREPL-worker-1] INFO   kixi.ckan.data - Retrieving with offset 42900
2015-01-05 14:16:37.184 [nREPL-worker-1] INFO   kixi.ckan.data - Retrieving with offset 43000
2015-01-05 14:16:37.268 [nREPL-worker-1] INFO   kixi.ckan.data - Retrieving with offset 43100
2015-01-05 14:16:37.351 [nREPL-worker-1] INFO   kixi.ckan.data - Retrieving with offset 43200
2015-01-05 14:16:37.436 [nREPL-worker-1] INFO   kixi.ckan.data - Retrieving with offset 43300
2015-01-05 14:16:37.520 [nREPL-worker-1] INFO   kixi.ckan.data - Retrieving with offset 43400
2015-01-05 14:16:37.604 [nREPL-worker-1] INFO   kixi.ckan.data - Retrieving with offset 43500
2015-01-05 14:16:37.692 [nREPL-worker-1] INFO   kixi.ckan.data - Retrieving with offset 43600
2015-01-05 14:16:37.777 [nREPL-worker-1] INFO   kixi.ckan.data - Retrieving with offset 43700
2015-01-05 14:16:37.860 [nREPL-worker-1] INFO   kixi.ckan.data - Retrieving with offset 43800
2015-01-05 14:16:37.945 [nREPL-worker-1] INFO   kixi.ckan.data - Retrieving with offset 43900
2015-01-05 14:16:38.028 [nREPL-worker-1] INFO   kixi.ckan.data - Retrieving with offset 44000
2015-01-05 14:16:38.111 [nREPL-worker-1] INFO   kixi.ckan.data - Retrieving with offset 44100
2015-01-05 14:16:38.192 [nREPL-worker-1] INFO   kixi.ckan.data - Retrieving with offset 44200
2015-01-05 14:16:39.284 [nREPL-worker-1] INFO   kixi.ckan.data - Retrieving with offset 44300
2015-01-05 14:16:39.380 [nREPL-worker-1] INFO   kixi.ckan.data - Retrieving with offset 44400
2015-01-05 14:16:39.496 [nREPL-worker-1] INFO   kixi.ckan.data - Retrieving with offset 44500
2015-01-05 14:16:39.579 [nREPL-worker-1] INFO   kixi.ckan.data - Retrieving with offset 44600
2015-01-05 14:16:39.661 [nREPL-worker-1] INFO   kixi.ckan.data - Retrieving with offset 44700
2015-01-05 14:16:39.747 [nREPL-worker-1] INFO   kixi.ckan.data - Retrieving with offset 44800
2015-01-05 14:16:39.836 [nREPL-worker-1] INFO   kixi.ckan.data - Retrieving with offset 44900
2015-01-05 14:16:39.921 [nREPL-worker-1] INFO   kixi.ckan.data - Retrieving with offset 45000
2015-01-05 14:16:40.010 [nREPL-worker-1] INFO   kixi.ckan.data - Retrieving with offset 45100
2015-01-05 14:16:40.097 [nREPL-worker-1] INFO   kixi.ckan.data - Retrieving with offset 45200
2015-01-05 14:16:40.184 [nREPL-worker-1] INFO   kixi.ckan.data - Retrieving with offset 45300
2015-01-05 14:16:40.271 [nREPL-worker-1] INFO   kixi.ckan.data - Retrieving with offset 45400
2015-01-05 14:16:40.357 [nREPL-worker-1] INFO   kixi.ckan.data - Retrieving with offset 45500
2015-01-05 14:16:40.444 [nREPL-worker-1] INFO   kixi.ckan.data - Retrieving with offset 45600
2015-01-05 14:16:40.533 [nREPL-worker-1] INFO   kixi.ckan.data - Retrieving with offset 45700
2015-01-05 14:16:40.620 [nREPL-worker-1] INFO   kixi.ckan.data - Retrieving with offset 45800
2015-01-05 14:16:40.703 [nREPL-worker-1] INFO   kixi.ckan.data - Retrieving with offset 45900
2015-01-05 14:16:40.788 [nREPL-worker-1] INFO   kixi.ckan.data - Retrieving with offset 46000
2015-01-05 14:16:40.878 [nREPL-worker-1] INFO   kixi.ckan.data - Retrieving with offset 46100
2015-01-05 14:16:40.965 [nREPL-worker-1] INFO   kixi.ckan.data - Retrieving with offset 46200
2015-01-05 14:16:41.056 [nREPL-worker-1] INFO   kixi.ckan.data - Retrieving with offset 46300
2015-01-05 14:16:42.143 [nREPL-worker-1] INFO   kixi.ckan.data - Retrieving with offset 46400
2015-01-05 14:16:42.226 [nREPL-worker-1] INFO   kixi.ckan.data - Retrieving with offset 46500
2015-01-05 14:16:42.309 [nREPL-worker-1] INFO   kixi.ckan.data - Retrieving with offset 46600
2015-01-05 14:16:42.391 [nREPL-worker-1] INFO   kixi.ckan.data - Retrieving with offset 46700
2015-01-05 14:16:42.476 [nREPL-worker-1] INFO   kixi.ckan.data - Retrieving with offset 46800
2015-01-05 14:16:42.560 [nREPL-worker-1] INFO   kixi.ckan.data - Retrieving with offset 46900
2015-01-05 14:16:42.645 [nREPL-worker-1] INFO   kixi.ckan.data - Retrieving with offset 47000
2015-01-05 14:16:42.728 [nREPL-worker-1] INFO   kixi.ckan.data - Retrieving with offset 47100
2015-01-05 14:16:42.817 [nREPL-worker-1] INFO   kixi.ckan.data - Retrieving with offset 47200
2015-01-05 14:16:42.904 [nREPL-worker-1] INFO   kixi.ckan.data - Retrieving with offset 47300
2015-01-05 14:16:42.986 [nREPL-worker-1] INFO   kixi.ckan.data - Retrieving with offset 47400
2015-01-05 14:16:43.136 [nREPL-worker-1] INFO   kixi.ckan.data - Retrieving with offset 47500
2015-01-05 14:16:43.219 [nREPL-worker-1] INFO   kixi.ckan.data - Retrieving with offset 47600
2015-01-05 14:16:43.303 [nREPL-worker-1] INFO   kixi.ckan.data - Retrieving with offset 47700
2015-01-05 14:16:43.393 [nREPL-worker-1] INFO   kixi.ckan.data - Retrieving with offset 47800
2015-01-05 14:16:43.476 [nREPL-worker-1] INFO   kixi.ckan.data - Retrieving with offset 47900
2015-01-05 14:16:43.561 [nREPL-worker-1] INFO   kixi.ckan.data - Retrieving with offset 48000
2015-01-05 14:16:43.645 [nREPL-worker-1] INFO   kixi.ckan.data - Retrieving with offset 48100
2015-01-05 14:16:43.731 [nREPL-worker-1] INFO   kixi.ckan.data - Retrieving with offset 48200
2015-01-05 14:16:43.815 [nREPL-worker-1] INFO   kixi.ckan.data - Retrieving with offset 48300
2015-01-05 14:16:43.899 [nREPL-worker-1] INFO   kixi.ckan.data - Retrieving with offset 48400
2015-01-05 14:16:43.987 [nREPL-worker-1] INFO   kixi.ckan.data - Retrieving with offset 48500
2015-01-05 14:16:44.071 [nREPL-worker-1] INFO   kixi.ckan.data - Retrieving with offset 48600
2015-01-05 14:16:44.156 [nREPL-worker-1] INFO   kixi.ckan.data - Retrieving with offset 48700
2015-01-05 14:16:44.241 [nREPL-worker-1] INFO   kixi.ckan.data - Retrieving with offset 48800
2015-01-05 14:16:44.323 [nREPL-worker-1] INFO   kixi.ckan.data - Retrieving with offset 48900
2015-01-05 14:16:44.406 [nREPL-worker-1] INFO   kixi.ckan.data - Retrieving with offset 49000
2015-01-05 14:16:44.492 [nREPL-worker-1] INFO   kixi.ckan.data - Retrieving with offset 49100
2015-01-05 14:16:44.579 [nREPL-worker-1] INFO   kixi.ckan.data - Retrieving with offset 49200
2015-01-05 14:16:44.671 [nREPL-worker-1] INFO   kixi.ckan.data - Retrieving with offset 49300
2015-01-05 14:16:44.755 [nREPL-worker-1] INFO   kixi.ckan.data - Retrieving with offset 49400
2015-01-05 14:16:44.846 [nREPL-worker-1] INFO   kixi.ckan.data - Retrieving with offset 49500
2015-01-05 14:16:44.939 [nREPL-worker-1] INFO   kixi.ckan.data - Retrieving with offset 49600
2015-01-05 14:16:45.026 [nREPL-worker-1] INFO   kixi.ckan.data - Retrieving with offset 49700
2015-01-05 14:16:45.116 [nREPL-worker-1] INFO   kixi.ckan.data - Retrieving with offset 49800
2015-01-05 14:16:46.066 [nREPL-worker-1] INFO   kixi.ckan.data - Retrieving with offset 49900
2015-01-05 14:16:46.152 [nREPL-worker-1] INFO   kixi.ckan.data - Retrieving with offset 50000
2015-01-05 14:16:46.236 [nREPL-worker-1] INFO   kixi.ckan.data - Retrieving with offset 50100
2015-01-05 14:16:46.320 [nREPL-worker-1] INFO   kixi.ckan.data - Retrieving with offset 50200
2015-01-05 14:16:46.405 [nREPL-worker-1] INFO   kixi.ckan.data - Retrieving with offset 50300
2015-01-05 14:16:46.488 [nREPL-worker-1] INFO   kixi.ckan.data - Retrieving with offset 50400
2015-01-05 14:16:46.574 [nREPL-worker-1] INFO   kixi.ckan.data - Retrieving with offset 50500
2015-01-05 14:16:46.664 [nREPL-worker-1] INFO   kixi.ckan.data - Retrieving with offset 50600
2015-01-05 14:16:46.748 [nREPL-worker-1] INFO   kixi.ckan.data - Retrieving with offset 50700
2015-01-05 14:16:46.834 [nREPL-worker-1] INFO   kixi.ckan.data - Retrieving with offset 50800
2015-01-05 14:16:46.919 [nREPL-worker-1] INFO   kixi.ckan.data - Retrieving with offset 50900
2015-01-05 14:16:47.008 [nREPL-worker-1] INFO   kixi.ckan.data - Retrieving with offset 51000
2015-01-05 14:16:47.091 [nREPL-worker-1] INFO   kixi.ckan.data - Retrieving with offset 51100
2015-01-05 14:16:47.177 [nREPL-worker-1] INFO   kixi.ckan.data - Retrieving with offset 51200
2015-01-05 14:16:47.259 [nREPL-worker-1] INFO   kixi.ckan.data - Retrieving with offset 51300
2015-01-05 14:16:47.340 [nREPL-worker-1] INFO   kixi.ckan.data - Retrieving with offset 51400
2015-01-05 14:16:47.423 [nREPL-worker-1] INFO   kixi.ckan.data - Retrieving with offset 51500
2015-01-05 14:16:47.511 [nREPL-worker-1] INFO   kixi.ckan.data - Retrieving with offset 51600
2015-01-05 14:16:47.592 [nREPL-worker-1] INFO   kixi.ckan.data - Retrieving with offset 51700
2015-01-05 14:16:47.675 [nREPL-worker-1] INFO   kixi.ckan.data - Retrieving with offset 51800
2015-01-05 14:16:47.760 [nREPL-worker-1] INFO   kixi.ckan.data - Retrieving with offset 51900
2015-01-05 14:16:47.846 [nREPL-worker-1] INFO   kixi.ckan.data - Retrieving with offset 52000
2015-01-05 14:16:47.927 [nREPL-worker-1] INFO   kixi.ckan.data - Retrieving with offset 52100
2015-01-05 14:16:48.015 [nREPL-worker-1] INFO   kixi.ckan.data - Retrieving with offset 52200
2015-01-05 14:16:48.099 [nREPL-worker-1] INFO   kixi.ckan.data - Retrieving with offset 52300
2015-01-05 14:16:48.184 [nREPL-worker-1] INFO   kixi.ckan.data - Retrieving with offset 52400
2015-01-05 14:16:48.270 [nREPL-worker-1] INFO   kixi.ckan.data - Retrieving with offset 52500
2015-01-05 14:16:48.359 [nREPL-worker-1] INFO   kixi.ckan.data - Retrieving with offset 52600
2015-01-05 14:16:48.444 [nREPL-worker-1] INFO   kixi.ckan.data - Retrieving with offset 52700
2015-01-05 14:16:48.528 [nREPL-worker-1] INFO   kixi.ckan.data - Retrieving with offset 52800
2015-01-05 14:16:48.619 [nREPL-worker-1] INFO   kixi.ckan.data - Retrieving with offset 52900
2015-01-05 14:16:48.703 [nREPL-worker-1] INFO   kixi.ckan.data - Retrieving with offset 53000
2015-01-05 14:16:48.783 [nREPL-worker-1] INFO   kixi.ckan.data - Retrieving with offset 53100
2015-01-05 14:16:48.863 [nREPL-worker-1] INFO   kixi.ckan.data - Retrieving with offset 53200
2015-01-05 14:16:48.951 [nREPL-worker-1] INFO   kixi.ckan.data - Retrieving with offset 53300
2015-01-05 14:16:49.034 [nREPL-worker-1] INFO   kixi.ckan.data - Retrieving with offset 53400
2015-01-05 14:16:50.133 [nREPL-worker-1] INFO   kixi.ckan.data - Retrieving with offset 53500
2015-01-05 14:16:50.217 [nREPL-worker-1] INFO   kixi.ckan.data - Retrieving with offset 53600
2015-01-05 14:16:50.304 [nREPL-worker-1] INFO   kixi.ckan.data - Retrieving with offset 53700
2015-01-05 14:16:50.395 [nREPL-worker-1] INFO   kixi.ckan.data - Retrieving with offset 53800
2015-01-05 14:16:50.480 [nREPL-worker-1] INFO   kixi.ckan.data - Retrieving with offset 53900
2015-01-05 14:16:50.583 [nREPL-worker-1] INFO   kixi.ckan.data - Retrieving with offset 54000
2015-01-05 14:16:50.667 [nREPL-worker-1] INFO   kixi.ckan.data - Retrieving with offset 54100
2015-01-05 14:16:50.751 [nREPL-worker-1] INFO   kixi.ckan.data - Retrieving with offset 54200
2015-01-05 14:16:50.843 [nREPL-worker-1] INFO   kixi.ckan.data - Retrieving with offset 54300
2015-01-05 14:16:50.927 [nREPL-worker-1] INFO   kixi.ckan.data - Retrieving with offset 54400
2015-01-05 14:16:51.012 [nREPL-worker-1] INFO   kixi.ckan.data - Retrieving with offset 54500
2015-01-05 14:16:51.095 [nREPL-worker-1] INFO   kixi.ckan.data - Retrieving with offset 54600
2015-01-05 14:16:51.183 [nREPL-worker-1] INFO   kixi.ckan.data - Retrieving with offset 54700
2015-01-05 14:16:51.267 [nREPL-worker-1] INFO   kixi.ckan.data - Retrieving with offset 54800
2015-01-05 14:16:51.364 [nREPL-worker-1] INFO   kixi.ckan.data - Retrieving with offset 54900
2015-01-05 14:16:52.855 [nREPL-worker-1] INFO   kixi.ckan.data - Retrieving with offset 55000
2015-01-05 14:16:52.954 [nREPL-worker-1] INFO   kixi.ckan.data - Retrieving with offset 55100
2015-01-05 14:16:53.049 [nREPL-worker-1] INFO   kixi.ckan.data - Retrieving with offset 55200
2015-01-05 14:16:53.133 [nREPL-worker-1] INFO   kixi.ckan.data - Retrieving with offset 55300
2015-01-05 14:16:53.215 [nREPL-worker-1] INFO   kixi.ckan.data - Retrieving with offset 55400
2015-01-05 14:16:53.303 [nREPL-worker-1] INFO   kixi.ckan.data - Retrieving with offset 55500
2015-01-05 14:16:53.388 [nREPL-worker-1] INFO   kixi.ckan.data - Retrieving with offset 55600
2015-01-05 14:16:53.473 [nREPL-worker-1] INFO   kixi.ckan.data - Retrieving with offset 55700
2015-01-05 14:16:54.568 [nREPL-worker-1] INFO   kixi.ckan.data - Retrieving with offset 55800
2015-01-05 14:16:54.651 [nREPL-worker-1] INFO   kixi.ckan.data - Retrieving with offset 55900
2015-01-05 14:16:54.733 [nREPL-worker-1] INFO   kixi.ckan.data - Retrieving with offset 56000
2015-01-05 14:16:54.816 [nREPL-worker-1] INFO   kixi.ckan.data - Retrieving with offset 56100
2015-01-05 14:16:54.899 [nREPL-worker-1] INFO   kixi.ckan.data - Retrieving with offset 56200
2015-01-05 14:16:54.979 [nREPL-worker-1] INFO   kixi.ckan.data - Retrieving with offset 56300
2015-01-05 14:16:55.066 [nREPL-worker-1] INFO   kixi.ckan.data - Retrieving with offset 56400
2015-01-05 14:16:55.150 [nREPL-worker-1] INFO   kixi.ckan.data - Retrieving with offset 56500
2015-01-05 14:16:56.240 [nREPL-worker-1] INFO   kixi.ckan.data - Retrieving with offset 56600
2015-01-05 14:16:56.324 [nREPL-worker-1] INFO   kixi.ckan.data - Retrieving with offset 56700
2015-01-05 14:16:56.407 [nREPL-worker-1] INFO   kixi.ckan.data - Retrieving with offset 56800
2015-01-05 14:16:56.494 [nREPL-worker-1] INFO   kixi.ckan.data - Retrieving with offset 56900
2015-01-05 14:16:56.579 [nREPL-worker-1] INFO   kixi.ckan.data - Retrieving with offset 57000
2015-01-05 14:16:56.663 [nREPL-worker-1] INFO   kixi.ckan.data - Retrieving with offset 57100
2015-01-05 14:16:57.751 [nREPL-worker-1] INFO   kixi.ckan.data - Retrieving with offset 57200
2015-01-05 14:16:57.837 [nREPL-worker-1] INFO   kixi.ckan.data - Retrieving with offset 57300
2015-01-05 14:16:57.933 [nREPL-worker-1] INFO   kixi.ckan.data - Retrieving with offset 57400
2015-01-05 14:16:59.022 [nREPL-worker-1] INFO   kixi.ckan.data - Retrieving with offset 57500
2015-01-05 14:16:59.108 [nREPL-worker-1] INFO   kixi.ckan.data - Retrieving with offset 57600
2015-01-05 14:17:00.205 [nREPL-worker-1] INFO   kixi.ckan.data - Retrieving with offset 57700
2015-01-05 14:17:00.291 [nREPL-worker-1] INFO   kixi.ckan.data - Retrieving with offset 57800
2015-01-05 14:17:00.375 [nREPL-worker-1] INFO   kixi.ckan.data - Retrieving with offset 57900
2015-01-05 14:17:00.460 [nREPL-worker-1] INFO   kixi.ckan.data - Retrieving with offset 58000
2015-01-05 14:17:00.548 [nREPL-worker-1] INFO   kixi.ckan.data - Retrieving with offset 58100
2015-01-05 14:17:00.635 [nREPL-worker-1] INFO   kixi.ckan.data - Retrieving with offset 58200
2015-01-05 14:17:00.718 [nREPL-worker-1] INFO   kixi.ckan.data - Retrieving with offset 58300
2015-01-05 14:17:00.806 [nREPL-worker-1] INFO   kixi.ckan.data - Retrieving with offset 58400
2015-01-05 14:17:03.892 [nREPL-worker-1] INFO   kixi.ckan.data - Retrieving with offset 58500
2015-01-05 14:17:03.985 [nREPL-worker-1] INFO   kixi.ckan.data - Retrieving with offset 58600
2015-01-05 14:17:04.072 [nREPL-worker-1] INFO   kixi.ckan.data - Retrieving with offset 58700
2015-01-05 14:17:04.156 [nREPL-worker-1] INFO   kixi.ckan.data - Retrieving with offset 58800
2015-01-05 14:17:04.243 [nREPL-worker-1] INFO   kixi.ckan.data - Retrieving with offset 58900
2015-01-05 14:17:04.330 [nREPL-worker-1] INFO   kixi.ckan.data - Retrieving with offset 59000
2015-01-05 14:17:04.415 [nREPL-worker-1] INFO   kixi.ckan.data - Retrieving with offset 59100
2015-01-05 14:17:04.503 [nREPL-worker-1] INFO   kixi.ckan.data - Retrieving with offset 59200
2015-01-05 14:17:04.587 [nREPL-worker-1] INFO   kixi.ckan.data - Retrieving with offset 59300
2015-01-05 14:17:04.675 [nREPL-worker-1] INFO   kixi.ckan.data - Retrieving with offset 59400
2015-01-05 14:17:04.758 [nREPL-worker-1] INFO   kixi.ckan.data - Retrieving with offset 59500
2015-01-05 14:17:04.844 [nREPL-worker-1] INFO   kixi.ckan.data - Retrieving with offset 59600
2015-01-05 14:17:04.931 [nREPL-worker-1] INFO   kixi.ckan.data - Retrieving with offset 59700
2015-01-05 14:17:05.015 [nREPL-worker-1] INFO   kixi.ckan.data - Retrieving with offset 59800
2015-01-05 14:17:05.099 [nREPL-worker-1] INFO   kixi.ckan.data - Retrieving with offset 59900
2015-01-05 14:17:05.185 [nREPL-worker-1] INFO   kixi.ckan.data - Retrieving with offset 60000
2015-01-05 14:17:05.271 [nREPL-worker-1] INFO   kixi.ckan.data - Retrieving with offset 60100
2015-01-05 14:17:05.357 [nREPL-worker-1] INFO   kixi.ckan.data - Retrieving with offset 60200
2015-01-05 14:17:05.439 [nREPL-worker-1] INFO   kixi.ckan.data - Retrieving with offset 60300
2015-01-05 14:17:05.523 [nREPL-worker-1] INFO   kixi.ckan.data - Retrieving with offset 60400
2015-01-05 14:17:05.607 [nREPL-worker-1] INFO   kixi.ckan.data - Retrieving with offset 60500
2015-01-05 14:17:05.690 [nREPL-worker-1] INFO   kixi.ckan.data - Retrieving with offset 60600
2015-01-05 14:17:05.780 [nREPL-worker-1] INFO   kixi.ckan.data - Retrieving with offset 60700
2015-01-05 14:17:05.866 [nREPL-worker-1] INFO   kixi.ckan.data - Retrieving with offset 60800
2015-01-05 14:17:05.951 [nREPL-worker-1] INFO   kixi.ckan.data - Retrieving with offset 60900
2015-01-05 14:17:06.037 [nREPL-worker-1] INFO   kixi.ckan.data - Retrieving with offset 61000
2015-01-05 14:17:06.131 [nREPL-worker-1] INFO   kixi.ckan.data - Retrieving with offset 61100
2015-01-05 14:17:06.220 [nREPL-worker-1] INFO   kixi.ckan.data - Retrieving with offset 61200
2015-01-05 14:17:06.308 [nREPL-worker-1] INFO   kixi.ckan.data - Retrieving with offset 61300
2015-01-05 14:17:06.391 [nREPL-worker-1] INFO   kixi.ckan.data - Retrieving with offset 61400
2015-01-05 14:17:06.476 [nREPL-worker-1] INFO   kixi.ckan.data - Retrieving with offset 61500
2015-01-05 14:17:06.559 [nREPL-worker-1] INFO   kixi.ckan.data - Retrieving with offset 61600
2015-01-05 14:17:06.716 [nREPL-worker-1] INFO   kixi.ckan.data - Retrieving with offset 61700
2015-01-05 14:17:06.798 [nREPL-worker-1] INFO   kixi.ckan.data - Retrieving with offset 61800
2015-01-05 14:17:06.881 [nREPL-worker-1] INFO   kixi.ckan.data - Retrieving with offset 61900
2015-01-05 14:17:06.965 [nREPL-worker-1] INFO   kixi.ckan.data - Retrieving with offset 62000
2015-01-05 14:17:07.052 [nREPL-worker-1] INFO   kixi.ckan.data - Retrieving with offset 62100
2015-01-05 14:17:07.136 [nREPL-worker-1] INFO   kixi.ckan.data - Retrieving with offset 62200
2015-01-05 14:17:07.225 [nREPL-worker-1] INFO   kixi.ckan.data - Retrieving with offset 62300
2015-01-05 14:17:07.310 [nREPL-worker-1] INFO   kixi.ckan.data - Retrieving with offset 62400
2015-01-05 14:17:07.394 [nREPL-worker-1] INFO   kixi.ckan.data - Retrieving with offset 62500
2015-01-05 14:17:07.479 [nREPL-worker-1] INFO   kixi.ckan.data - Retrieving with offset 62600
2015-01-05 14:17:07.562 [nREPL-worker-1] INFO   kixi.ckan.data - Retrieving with offset 62700
2015-01-05 14:17:07.648 [nREPL-worker-1] INFO   kixi.ckan.data - Retrieving with offset 62800
2015-01-05 14:17:07.730 [nREPL-worker-1] INFO   kixi.ckan.data - Retrieving with offset 62900
2015-01-05 14:17:07.815 [nREPL-worker-1] INFO   kixi.ckan.data - Retrieving with offset 63000
2015-01-05 14:17:07.899 [nREPL-worker-1] INFO   kixi.ckan.data - Retrieving with offset 63100
2015-01-05 14:17:07.982 [nREPL-worker-1] INFO   kixi.ckan.data - Retrieving with offset 63200
2015-01-05 14:17:08.066 [nREPL-worker-1] INFO   kixi.ckan.data - Retrieving with offset 63300
2015-01-05 14:17:08.151 [nREPL-worker-1] INFO   kixi.ckan.data - Retrieving with offset 63400
2015-01-05 14:17:08.239 [nREPL-worker-1] INFO   kixi.ckan.data - Retrieving with offset 63500
2015-01-05 14:17:08.330 [nREPL-worker-1] INFO   kixi.ckan.data - Retrieving with offset 63600
2015-01-05 14:17:08.425 [nREPL-worker-1] ERROR  kixi.ckan.core - unexpected error
java.lang.ThreadDeath: null
	at java.lang.Thread.stop(Thread.java:835) [na:1.7.0_45]
	at clojure.tools.nrepl.middleware.interruptible_eval$interruptible_eval$fn__1733.invoke(interruptible_eval.clj:204) ~[na:na]
	at clojure.tools.nrepl.middleware$wrap_conj_descriptor$fn__1505.invoke(middleware.clj:17) ~[na:na]
	at clojure.tools.nrepl.middleware.pr_values$pr_values$fn__1670.invoke(pr_values.clj:17) ~[na:na]
	at clojure.tools.nrepl.middleware$wrap_conj_descriptor$fn__1505.invoke(middleware.clj:17) ~[na:na]
	at clojure.tools.nrepl.middleware.load_file$wrap_load_file$fn__1848.invoke(load_file.clj:77) ~[na:na]
	at clojure.tools.nrepl.middleware$wrap_conj_descriptor$fn__1505.invoke(middleware.clj:17) ~[na:na]
	at clojure.tools.nrepl.middleware.session$add_stdin$fn__1807.invoke(session.clj:235) ~[na:na]
	at clojure.tools.nrepl.middleware$wrap_conj_descriptor$fn__1505.invoke(middleware.clj:17) ~[na:na]
	at cider.nrepl.middleware.stacktrace$wrap_stacktrace$fn__4012.invoke(stacktrace.clj:146) ~[na:na]
	at clojure.tools.nrepl.middleware$wrap_conj_descriptor$fn__1505.invoke(middleware.clj:17) ~[na:na]
	at cider.nrepl.middleware.test$wrap_test$fn__4106.invoke(test.clj:203) ~[na:na]
	at clojure.tools.nrepl.middleware$wrap_conj_descriptor$fn__1505.invoke(middleware.clj:17) ~[na:na]
	at cider.nrepl.middleware.inspect$wrap_inspect$fn__3848.invoke(inspect.clj:75) ~[na:na]
	at clojure.tools.nrepl.middleware$wrap_conj_descriptor$fn__1505.invoke(middleware.clj:17) ~[na:na]
	at clojure.tools.nrepl.middleware.session$session$fn__1797.invoke(session.clj:192) ~[na:na]
	at clojure.tools.nrepl.middleware$wrap_conj_descriptor$fn__1505.invoke(middleware.clj:17) ~[na:na]
	at cider.nrepl.middleware.undef$wrap_undef$fn__4401.invoke(undef.clj:30) ~[na:na]
	at clojure.tools.nrepl.middleware$wrap_conj_descriptor$fn__1505.invoke(middleware.clj:17) ~[na:na]
	at cider.nrepl.middleware.info$wrap_info$fn__3676.invoke(info.clj:262) ~[na:na]
	at clojure.tools.nrepl.middleware$wrap_conj_descriptor$fn__1505.invoke(middleware.clj:17) ~[na:na]
	at cider.nrepl.middleware.classpath$wrap_classpath$fn__2348.invoke(classpath.clj:25) ~[na:na]
	at clojure.tools.nrepl.middleware$wrap_conj_descriptor$fn__1505.invoke(middleware.clj:17) ~[na:na]
	at cider.nrepl.middleware.apropos$wrap_apropos$fn__2281.invoke(apropos.clj:102) ~[na:na]
	at clojure.tools.nrepl.middleware$wrap_conj_descriptor$fn__1505.invoke(middleware.clj:17) ~[na:na]
	at cider.nrepl.middleware.resource$wrap_resource$fn__3948.invoke(resource.clj:25) ~[na:na]
	at clojure.tools.nrepl.middleware$wrap_conj_descriptor$fn__1505.invoke(middleware.clj:17) ~[na:na]
	at cider.nrepl.middleware.macroexpand$wrap_macroexpand$fn__3886.invoke(macroexpand.clj:79) ~[na:na]
	at clojure.tools.nrepl.middleware$wrap_conj_descriptor$fn__1505.invoke(middleware.clj:17) ~[na:na]
	at cider.nrepl.middleware.complete$wrap_complete$fn__3173.invoke(complete.clj:47) ~[na:na]
	at clojure.tools.nrepl.middleware$wrap_conj_descriptor$fn__1505.invoke(middleware.clj:17) ~[na:na]
	at cider.nrepl.middleware.trace$wrap_trace$fn__4373.invoke(trace.clj:65) ~[na:na]
	at clojure.tools.nrepl.middleware$wrap_conj_descriptor$fn__1505.invoke(middleware.clj:17) ~[na:na]
	at cider.nrepl.middleware.ns$wrap_ns$fn__3922.invoke(ns.clj:61) ~[na:na]
	at clojure.tools.nrepl.middleware$wrap_conj_descriptor$fn__1505.invoke(middleware.clj:17) ~[na:na]
	at clojure.tools.nrepl.server$handle_STAR_.invoke(server.clj:19) ~[na:na]
	at clojure.tools.nrepl.server$handle$fn__1861.invoke(server.clj:28) ~[na:na]
	at clojure.core$binding_conveyor_fn$fn__4145.invoke(core.clj:1910) ~[clojure-1.6.0.jar:na]
	at clojure.lang.AFn.call(AFn.java:18) ~[clojure-1.6.0.jar:na]
	at java.util.concurrent.FutureTask.run(FutureTask.java:262) ~[na:1.7.0_45]
	at java.util.concurrent.ThreadPoolExecutor.runWorker(ThreadPoolExecutor.java:1145) [na:1.7.0_45]
	at java.util.concurrent.ThreadPoolExecutor$Worker.run(ThreadPoolExecutor.java:615) [na:1.7.0_45]
	at java.lang.Thread.run(Thread.java:744) [na:1.7.0_45]
2015-01-05 14:21:12.109 [nREPL-worker-2] INFO   org.quartz.core.QuartzScheduler - Scheduler DefaultQuartzScheduler_$_NON_CLUSTERED shutting down.
2015-01-05 14:21:12.110 [nREPL-worker-2] INFO   org.quartz.core.QuartzScheduler - Scheduler DefaultQuartzScheduler_$_NON_CLUSTERED paused.
2015-01-05 14:21:12.111 [nREPL-worker-2] DEBUG  org.quartz.simpl.SimpleThreadPool - Shutting down threadpool...
2015-01-05 14:21:12.111 [nREPL-worker-2] DEBUG  org.quartz.simpl.SimpleThreadPool - Shutdown of threadpool complete.
2015-01-05 14:21:12.112 [nREPL-worker-2] INFO   org.quartz.core.QuartzScheduler - Scheduler DefaultQuartzScheduler_$_NON_CLUSTERED shutdown complete.
2015-01-05 14:21:12.329 [nREPL-worker-2] INFO   pipeline - Pipeline starting
2015-01-05 14:21:12.335 [nREPL-worker-2] INFO   org.quartz.impl.StdSchedulerFactory - Using default implementation for ThreadExecutor
2015-01-05 14:21:12.335 [nREPL-worker-2] INFO   org.quartz.simpl.SimpleThreadPool - Job execution threads will use class loader of thread: nREPL-worker-2
2015-01-05 14:21:12.335 [nREPL-worker-2] INFO   o.quartz.core.SchedulerSignalerImpl - Initialized Scheduler Signaller of type: class org.quartz.core.SchedulerSignalerImpl
2015-01-05 14:21:12.335 [nREPL-worker-2] INFO   org.quartz.core.QuartzScheduler - Quartz Scheduler v.2.1.7 created.
2015-01-05 14:21:12.335 [nREPL-worker-2] INFO   org.quartz.simpl.RAMJobStore - RAMJobStore initialized.
2015-01-05 14:21:12.335 [nREPL-worker-2] INFO   org.quartz.core.QuartzScheduler - Scheduler meta-data: Quartz Scheduler (v2.1.7) 'DefaultQuartzScheduler' with instanceId 'NON_CLUSTERED'
  Scheduler class: 'org.quartz.core.QuartzScheduler' - running locally.
  NOT STARTED.
  Currently in standby mode.
  Number of jobs executed: 0
  Using thread pool 'org.quartz.simpl.SimpleThreadPool' - with 1 threads.
  Using job-store 'org.quartz.simpl.RAMJobStore' - which does not support persistence. and is not clustered.

2015-01-05 14:21:12.335 [nREPL-worker-2] INFO   org.quartz.impl.StdSchedulerFactory - Quartz scheduler 'DefaultQuartzScheduler' initialized from default resource file in Quartz package: 'quartz.properties'
2015-01-05 14:21:12.336 [nREPL-worker-2] INFO   org.quartz.impl.StdSchedulerFactory - Quartz scheduler version: 2.1.7
2015-01-05 14:21:12.336 [nREPL-worker-2] INFO   org.quartz.core.QuartzScheduler - Scheduler DefaultQuartzScheduler_$_NON_CLUSTERED started.
2015-01-05 14:21:12.612 [DefaultQuartzScheduler_Worker-1] DEBUG  org.quartz.simpl.SimpleThreadPool - WorkerThread is shut down.
2015-01-05 14:21:16.706 [nREPL-worker-2] INFO   kixi.ckan.core - Starting search of resource 8e48ff2b-f5a2-4d6e-b643-b7e5e49f7e06
2015-01-05 14:21:16.707 [nREPL-worker-2] INFO   kixi.ckan.data - Retrieving with offset 0
2015-01-05 14:21:16.892 [nREPL-worker-2] INFO   kixi.ckan.data - Total results 100
2015-01-05 14:21:16.893 [nREPL-worker-2] INFO   kixi.ckan.data - Retrieving with offset 100
2015-01-05 14:21:16.995 [nREPL-worker-2] INFO   kixi.ckan.data - Total results null
2015-01-05 14:21:16.997 [nREPL-worker-2] ERROR  kixi.ckan.core - unexpected error
java.lang.NullPointerException: null
	at clojure.lang.Numbers.ops(Numbers.java:961) ~[clojure-1.6.0.jar:na]
	at clojure.lang.Numbers.lt(Numbers.java:219) ~[clojure-1.6.0.jar:na]
	at kixi.ckan.data$page_results$fn__11371.invoke(data.clj:76) ~[na:na]
	at clojure.lang.LazySeq.sval(LazySeq.java:40) ~[clojure-1.6.0.jar:na]
	at clojure.lang.LazySeq.seq(LazySeq.java:56) ~[clojure-1.6.0.jar:na]
	at clojure.lang.ChunkedCons.chunkedNext(ChunkedCons.java:59) ~[clojure-1.6.0.jar:na]
	at clojure.lang.ChunkedCons.next(ChunkedCons.java:43) ~[clojure-1.6.0.jar:na]
	at clojure.lang.RT.countFrom(RT.java:540) ~[clojure-1.6.0.jar:na]
	at clojure.lang.RT.count(RT.java:530) ~[clojure-1.6.0.jar:na]
	at kixi.ckan.core.CkanClientSession._datastore_search(core.clj:105) ~[na:na]
	at kixi.ckan.core$datastore_search.invoke(core.clj:174) [na:na]
	at dev$get_resource_data.invoke(dev.clj:16) [na:na]
	at user$eval11703.invoke(form-init6189567254347017209.clj:1) [na:na]
	at clojure.lang.Compiler.eval(Compiler.java:6703) [clojure-1.6.0.jar:na]
	at clojure.lang.Compiler.eval(Compiler.java:6666) [clojure-1.6.0.jar:na]
	at clojure.core$eval.invoke(core.clj:2927) [clojure-1.6.0.jar:na]
	at clojure.main$repl$read_eval_print__6625$fn__6628.invoke(main.clj:239) [clojure-1.6.0.jar:na]
	at clojure.main$repl$read_eval_print__6625.invoke(main.clj:239) [clojure-1.6.0.jar:na]
	at clojure.main$repl$fn__6634.invoke(main.clj:257) [clojure-1.6.0.jar:na]
	at clojure.main$repl.doInvoke(main.clj:257) [clojure-1.6.0.jar:na]
	at clojure.lang.RestFn.invoke(RestFn.java:1523) [clojure-1.6.0.jar:na]
	at clojure.tools.nrepl.middleware.interruptible_eval$evaluate$fn__1691.invoke(interruptible_eval.clj:67) [na:na]
	at clojure.lang.AFn.applyToHelper(AFn.java:152) [clojure-1.6.0.jar:na]
	at clojure.lang.AFn.applyTo(AFn.java:144) [clojure-1.6.0.jar:na]
	at clojure.core$apply.invoke(core.clj:624) [clojure-1.6.0.jar:na]
	at clojure.core$with_bindings_STAR_.doInvoke(core.clj:1862) [clojure-1.6.0.jar:na]
	at clojure.lang.RestFn.invoke(RestFn.java:425) [clojure-1.6.0.jar:na]
	at clojure.tools.nrepl.middleware.interruptible_eval$evaluate.invoke(interruptible_eval.clj:51) [na:na]
	at clojure.tools.nrepl.middleware.interruptible_eval$interruptible_eval$fn__1733$fn__1736.invoke(interruptible_eval.clj:183) [na:na]
	at clojure.tools.nrepl.middleware.interruptible_eval$run_next$fn__1726.invoke(interruptible_eval.clj:152) [na:na]
	at clojure.lang.AFn.run(AFn.java:22) [clojure-1.6.0.jar:na]
	at java.util.concurrent.ThreadPoolExecutor.runWorker(ThreadPoolExecutor.java:1145) [na:1.7.0_45]
	at java.util.concurrent.ThreadPoolExecutor$Worker.run(ThreadPoolExecutor.java:615) [na:1.7.0_45]
	at java.lang.Thread.run(Thread.java:744) [na:1.7.0_45]
2015-01-05 14:22:54.683 [nREPL-worker-3] INFO   org.quartz.core.QuartzScheduler - Scheduler DefaultQuartzScheduler_$_NON_CLUSTERED shutting down.
2015-01-05 14:22:54.683 [nREPL-worker-3] INFO   org.quartz.core.QuartzScheduler - Scheduler DefaultQuartzScheduler_$_NON_CLUSTERED paused.
2015-01-05 14:22:54.684 [nREPL-worker-3] DEBUG  org.quartz.simpl.SimpleThreadPool - Shutting down threadpool...
2015-01-05 14:22:54.685 [nREPL-worker-3] DEBUG  org.quartz.simpl.SimpleThreadPool - Shutdown of threadpool complete.
2015-01-05 14:22:54.685 [nREPL-worker-3] INFO   org.quartz.core.QuartzScheduler - Scheduler DefaultQuartzScheduler_$_NON_CLUSTERED shutdown complete.
2015-01-05 14:22:54.826 [nREPL-worker-3] INFO   pipeline - Pipeline starting
2015-01-05 14:22:54.828 [nREPL-worker-3] INFO   org.quartz.impl.StdSchedulerFactory - Using default implementation for ThreadExecutor
2015-01-05 14:22:54.828 [nREPL-worker-3] INFO   org.quartz.simpl.SimpleThreadPool - Job execution threads will use class loader of thread: nREPL-worker-3
2015-01-05 14:22:54.829 [nREPL-worker-3] INFO   o.quartz.core.SchedulerSignalerImpl - Initialized Scheduler Signaller of type: class org.quartz.core.SchedulerSignalerImpl
2015-01-05 14:22:54.829 [nREPL-worker-3] INFO   org.quartz.core.QuartzScheduler - Quartz Scheduler v.2.1.7 created.
2015-01-05 14:22:54.829 [nREPL-worker-3] INFO   org.quartz.simpl.RAMJobStore - RAMJobStore initialized.
2015-01-05 14:22:54.829 [nREPL-worker-3] INFO   org.quartz.core.QuartzScheduler - Scheduler meta-data: Quartz Scheduler (v2.1.7) 'DefaultQuartzScheduler' with instanceId 'NON_CLUSTERED'
  Scheduler class: 'org.quartz.core.QuartzScheduler' - running locally.
  NOT STARTED.
  Currently in standby mode.
  Number of jobs executed: 0
  Using thread pool 'org.quartz.simpl.SimpleThreadPool' - with 1 threads.
  Using job-store 'org.quartz.simpl.RAMJobStore' - which does not support persistence. and is not clustered.

2015-01-05 14:22:54.829 [nREPL-worker-3] INFO   org.quartz.impl.StdSchedulerFactory - Quartz scheduler 'DefaultQuartzScheduler' initialized from default resource file in Quartz package: 'quartz.properties'
2015-01-05 14:22:54.829 [nREPL-worker-3] INFO   org.quartz.impl.StdSchedulerFactory - Quartz scheduler version: 2.1.7
2015-01-05 14:22:54.830 [nREPL-worker-3] INFO   org.quartz.core.QuartzScheduler - Scheduler DefaultQuartzScheduler_$_NON_CLUSTERED started.
2015-01-05 14:22:54.910 [DefaultQuartzScheduler_Worker-1] DEBUG  org.quartz.simpl.SimpleThreadPool - WorkerThread is shut down.
2015-01-05 14:22:55.682 [nREPL-worker-3] INFO   kixi.ckan.core - Starting search of resource 8e48ff2b-f5a2-4d6e-b643-b7e5e49f7e06
2015-01-05 14:22:55.683 [nREPL-worker-3] INFO   kixi.ckan.data - Retrieving with offset 0
2015-01-05 14:22:55.875 [nREPL-worker-3] INFO   kixi.ckan.data - Total results 100
2015-01-05 14:25:45.806 [nREPL-worker-4] INFO   kixi.ckan.core - Starting search of resource 1953473e-1584-495b-9934-80cd45b37168
2015-01-05 14:25:45.807 [nREPL-worker-4] INFO   kixi.ckan.data - Retrieving with offset 0
2015-01-05 14:25:46.004 [nREPL-worker-4] INFO   kixi.ckan.data - Retrieving with offset 100
2015-01-05 14:25:46.191 [nREPL-worker-4] ERROR  kixi.ckan.core - unexpected error
java.lang.ClassCastException: java.lang.String cannot be cast to java.lang.Number
	at clojure.lang.Numbers.add(Numbers.java:126) ~[clojure-1.6.0.jar:na]
	at clojure.lang.Numbers.add(Numbers.java:3567) ~[clojure-1.6.0.jar:na]
	at kixi.ckan.data$page_results$fn__12078.invoke(data.clj:75) ~[na:na]
	at clojure.lang.LazySeq.sval(LazySeq.java:40) ~[clojure-1.6.0.jar:na]
	at clojure.lang.LazySeq.seq(LazySeq.java:56) ~[clojure-1.6.0.jar:na]
	at clojure.lang.ChunkedCons.chunkedNext(ChunkedCons.java:59) ~[clojure-1.6.0.jar:na]
	at clojure.lang.ChunkedCons.next(ChunkedCons.java:43) ~[clojure-1.6.0.jar:na]
	at clojure.lang.RT.countFrom(RT.java:540) ~[clojure-1.6.0.jar:na]
	at clojure.lang.RT.count(RT.java:530) ~[clojure-1.6.0.jar:na]
	at kixi.ckan.core.CkanClientSession._datastore_search(core.clj:105) ~[na:na]
	at kixi.ckan.core$datastore_search.invoke(core.clj:174) [na:na]
	at dev$get_resource_data.invoke(dev.clj:16) [na:na]
	at user$eval12082.invoke(form-init6189567254347017209.clj:1) [na:na]
	at clojure.lang.Compiler.eval(Compiler.java:6703) [clojure-1.6.0.jar:na]
	at clojure.lang.Compiler.eval(Compiler.java:6666) [clojure-1.6.0.jar:na]
	at clojure.core$eval.invoke(core.clj:2927) [clojure-1.6.0.jar:na]
	at clojure.main$repl$read_eval_print__6625$fn__6628.invoke(main.clj:239) [clojure-1.6.0.jar:na]
	at clojure.main$repl$read_eval_print__6625.invoke(main.clj:239) [clojure-1.6.0.jar:na]
	at clojure.main$repl$fn__6634.invoke(main.clj:257) [clojure-1.6.0.jar:na]
	at clojure.main$repl.doInvoke(main.clj:257) [clojure-1.6.0.jar:na]
	at clojure.lang.RestFn.invoke(RestFn.java:1523) [clojure-1.6.0.jar:na]
	at clojure.tools.nrepl.middleware.interruptible_eval$evaluate$fn__1691.invoke(interruptible_eval.clj:67) [na:na]
	at clojure.lang.AFn.applyToHelper(AFn.java:152) [clojure-1.6.0.jar:na]
	at clojure.lang.AFn.applyTo(AFn.java:144) [clojure-1.6.0.jar:na]
	at clojure.core$apply.invoke(core.clj:624) [clojure-1.6.0.jar:na]
	at clojure.core$with_bindings_STAR_.doInvoke(core.clj:1862) [clojure-1.6.0.jar:na]
	at clojure.lang.RestFn.invoke(RestFn.java:425) [clojure-1.6.0.jar:na]
	at clojure.tools.nrepl.middleware.interruptible_eval$evaluate.invoke(interruptible_eval.clj:51) [na:na]
	at clojure.tools.nrepl.middleware.interruptible_eval$interruptible_eval$fn__1733$fn__1736.invoke(interruptible_eval.clj:183) [na:na]
	at clojure.tools.nrepl.middleware.interruptible_eval$run_next$fn__1726.invoke(interruptible_eval.clj:152) [na:na]
	at clojure.lang.AFn.run(AFn.java:22) [clojure-1.6.0.jar:na]
	at java.util.concurrent.ThreadPoolExecutor.runWorker(ThreadPoolExecutor.java:1145) [na:1.7.0_45]
	at java.util.concurrent.ThreadPoolExecutor$Worker.run(ThreadPoolExecutor.java:615) [na:1.7.0_45]
	at java.lang.Thread.run(Thread.java:744) [na:1.7.0_45]
2015-01-05 14:34:27.964 [nREPL-worker-5] INFO   org.quartz.core.QuartzScheduler - Scheduler DefaultQuartzScheduler_$_NON_CLUSTERED shutting down.
2015-01-05 14:34:27.964 [nREPL-worker-5] INFO   org.quartz.core.QuartzScheduler - Scheduler DefaultQuartzScheduler_$_NON_CLUSTERED paused.
2015-01-05 14:34:27.965 [nREPL-worker-5] DEBUG  org.quartz.simpl.SimpleThreadPool - Shutting down threadpool...
2015-01-05 14:34:27.965 [nREPL-worker-5] DEBUG  org.quartz.simpl.SimpleThreadPool - Shutdown of threadpool complete.
2015-01-05 14:34:27.966 [nREPL-worker-5] INFO   org.quartz.core.QuartzScheduler - Scheduler DefaultQuartzScheduler_$_NON_CLUSTERED shutdown complete.
2015-01-05 14:34:28.117 [nREPL-worker-5] INFO   pipeline - Pipeline starting
2015-01-05 14:34:28.119 [nREPL-worker-5] INFO   org.quartz.impl.StdSchedulerFactory - Using default implementation for ThreadExecutor
2015-01-05 14:34:28.120 [nREPL-worker-5] INFO   org.quartz.simpl.SimpleThreadPool - Job execution threads will use class loader of thread: nREPL-worker-5
2015-01-05 14:34:28.120 [nREPL-worker-5] INFO   o.quartz.core.SchedulerSignalerImpl - Initialized Scheduler Signaller of type: class org.quartz.core.SchedulerSignalerImpl
2015-01-05 14:34:28.120 [nREPL-worker-5] INFO   org.quartz.core.QuartzScheduler - Quartz Scheduler v.2.1.7 created.
2015-01-05 14:34:28.120 [nREPL-worker-5] INFO   org.quartz.simpl.RAMJobStore - RAMJobStore initialized.
2015-01-05 14:34:28.121 [nREPL-worker-5] INFO   org.quartz.core.QuartzScheduler - Scheduler meta-data: Quartz Scheduler (v2.1.7) 'DefaultQuartzScheduler' with instanceId 'NON_CLUSTERED'
  Scheduler class: 'org.quartz.core.QuartzScheduler' - running locally.
  NOT STARTED.
  Currently in standby mode.
  Number of jobs executed: 0
  Using thread pool 'org.quartz.simpl.SimpleThreadPool' - with 1 threads.
  Using job-store 'org.quartz.simpl.RAMJobStore' - which does not support persistence. and is not clustered.

2015-01-05 14:34:28.121 [nREPL-worker-5] INFO   org.quartz.impl.StdSchedulerFactory - Quartz scheduler 'DefaultQuartzScheduler' initialized from default resource file in Quartz package: 'quartz.properties'
2015-01-05 14:34:28.121 [nREPL-worker-5] INFO   org.quartz.impl.StdSchedulerFactory - Quartz scheduler version: 2.1.7
2015-01-05 14:34:28.121 [nREPL-worker-5] INFO   org.quartz.core.QuartzScheduler - Scheduler DefaultQuartzScheduler_$_NON_CLUSTERED started.
2015-01-05 14:34:28.381 [DefaultQuartzScheduler_Worker-1] DEBUG  org.quartz.simpl.SimpleThreadPool - WorkerThread is shut down.
2015-01-05 14:34:29.236 [nREPL-worker-5] INFO   kixi.ckan.core - Starting search of resource 1953473e-1584-495b-9934-80cd45b37168
2015-01-05 14:34:29.236 [nREPL-worker-5] INFO   kixi.ckan.data - Retrieving with offset 0
2015-01-05 14:34:29.445 [nREPL-worker-5] INFO   kixi.ckan.data - Retrieving with offset 100
2015-01-05 14:34:29.651 [nREPL-worker-5] INFO   kixi.ckan.data - Retrieving with offset 200
2015-01-05 14:34:29.832 [nREPL-worker-5] INFO   kixi.ckan.data - Retrieving with offset 300
2015-01-05 14:34:30.023 [nREPL-worker-5] INFO   kixi.ckan.data - Retrieving with offset 400
2015-01-05 14:34:30.211 [nREPL-worker-5] INFO   kixi.ckan.data - Retrieving with offset 500
2015-01-05 14:34:30.376 [nREPL-worker-5] INFO   kixi.ckan.data - Retrieving with offset 600
2015-01-05 14:34:30.524 [nREPL-worker-5] INFO   kixi.ckan.data - Retrieving with offset 700
2015-01-05 14:34:30.686 [nREPL-worker-5] INFO   kixi.ckan.data - Retrieving with offset 800
2015-01-05 14:34:30.870 [nREPL-worker-5] INFO   kixi.ckan.data - Retrieving with offset 900
2015-01-05 14:34:31.058 [nREPL-worker-5] INFO   kixi.ckan.data - Retrieving with offset 1000
